#
# A fatal error has been detected by the Java Runtime Environment:
#
#  SIGSEGV (0xb) at pc=0x000000011516545f, pid=999, tid=0x000000000000c12f
#
# JRE version: Java(TM) SE Runtime Environment (8.0_144-b01) (build 1.8.0_144-b01)
# Java VM: Java HotSpot(TM) 64-Bit Server VM (25.144-b01 mixed mode bsd-amd64 compressed oops)
# Problematic frame:
# C  [libawt_lwawt.dylib+0x1c45f]  OGLSD_SetScratchSurface+0x49
#
# Failed to write core dump. Core dumps have been disabled. To enable core dumping, try "ulimit -c unlimited" before starting Java again
#
# If you would like to submit a bug report, please visit:
#   http://bugreport.java.com/bugreport/crash.jsp
# The crash happened outside the Java Virtual Machine in native code.
# See problematic frame for where to report the bug.
#

---------------  T H R E A D  ---------------

Current thread (0x00007fc778884000):  JavaThread "Java2D Queue Flusher" daemon [_thread_in_native, id=49455, stack(0x0000700007bc1000,0x0000700007cc1000)]

siginfo: si_signo: 11 (SIGSEGV), si_code: 1 (SEGV_MAPERR), si_addr: 0x0000000000000002

Registers:
RAX=0x00000000ffffffff, RBX=0x0000000000000002, RCX=0x0000000000000047, RDX=0x0000000115186258
RSP=0x0000700007cc07c0, RBP=0x0000700007cc07e0, RSI=0x00007fc777e1ef60, RDI=0x00007fc7788841f8
R8 =0x00007fc77a01b940, R9 =0x000000000000d871, R10=0x0000000119f7f6b8, R11=0x00000000e8055c83
R12=0x0000000000000000, R13=0x0000700007cc08e8, R14=0x00007fc7788841f8, R15=0x00007fc778884000
RIP=0x000000011516545f, EFLAGS=0x0000000000010202, ERR=0x0000000000000004
  TRAPNO=0x000000000000000e

Top of Stack: (sp=0x0000700007cc07c0)
0x0000700007cc07c0:   00007fc777e1ef60 0000000000000000
0x0000700007cc07d0:   00007fc77888aa10 00007fc778884000
0x0000700007cc07e0:   0000700007cc0860 0000000115185d36
0x0000700007cc07f0:   0000000000000064 0000000000000000
0x0000700007cc0800:   0000000000000064 00007fc77a01b098
0x0000700007cc0810:   0000700007cc0870 000000010b7501e8
0x0000700007cc0820:   00007fc700000005 00007fc77888aa20
0x0000700007cc0830:   0000000000000001 00007fc7788841f8
0x0000700007cc0840:   0000000114f3da90 0000000000000000
0x0000700007cc0850:   0000700007cc0968 00007fc778884000
0x0000700007cc0860:   0000700007cc08b0 0000000119f7f72a
0x0000700007cc0870:   00000007402ae400 0000000119a2ba68
0x0000700007cc0880:   00000007401f7ac0 0000000119aaffe6
0x0000700007cc0890:   00000007401f7ac0 0000700007cc0898
0x0000700007cc08a0:   0000000114f9ef3c 00000000000000d5
0x0000700007cc08b0:   00000007402ae400 0000000119c20ef0
0x0000700007cc08c0:   0000700007cc0940 00000001194ad2bd
0x0000700007cc08d0:   0000700007cc0940 00000001194ad2bd
0x0000700007cc08e0:   00000001194ad2bd 00000007402ae400
0x0000700007cc08f0:   0000000000000001 00000007401f7ac0
0x0000700007cc0900:   0000700007cc08f0 0000000114f41319
0x0000700007cc0910:   0000700007cc0968 0000000114f41b40
0x0000700007cc0920:   0000000000000000 0000000114f41420
0x0000700007cc0930:   0000700007cc08e8 0000700007cc0968
0x0000700007cc0940:   0000700007cc09d0 00000001194a57a7
0x0000700007cc0950:   0000000000000000 0000000000000000
0x0000700007cc0960:   0000000000000000 00000007401f7ac0
0x0000700007cc0970:   0000700000001fa0 000000000000000a
0x0000700007cc0980:   00007fc778884000 0000000000000001
0x0000700007cc0990:   00000001194a571f 0000000114f41420
0x0000700007cc09a0:   0000700007cc0a68 0000700007cc0d00
0x0000700007cc09b0:   000000010000000a 0000000114f41420 

Instructions: (pc=0x000000011516545f)
0x000000011516543f:   c0 e9 82 00 00 00 48 8b 5e 10 48 85 db 75 0e bf
0x000000011516544f:   01 00 00 00 48 8d 15 67 7b 03 00 eb d6 49 89 fe
0x000000011516545f:   4c 8b 3b 30 c0 e8 21 a6 02 00 49 8b 3f 49 89 c4
0x000000011516546f:   48 8b 35 aa 02 06 00 30 c0 e8 51 a7 02 00 48 85 

Register to memory mapping:

RAX=0x00000000ffffffff is an unknown value
RBX=0x0000000000000002 is an unknown value
RCX=0x0000000000000047 is an unknown value
RDX=0x0000000115186258: Java_sun_java2d_opengl_OGLRenderQueue_flushBuffer+0xb5c in /Library/Java/JavaVirtualMachines/jdk1.8.0_144.jdk/Contents/Home/jre/lib/libawt_lwawt.dylib at 0x0000000115149000
RSP=0x0000700007cc07c0 is pointing into the stack for thread: 0x00007fc778884000
RBP=0x0000700007cc07e0 is pointing into the stack for thread: 0x00007fc778884000
RSI=0x00007fc777e1ef60 is an unknown value
RDI=0x00007fc7788841f8 is an unknown value
R8 =0x00007fc77a01b940 is an unknown value
R9 =0x000000000000d871 is an unknown value
R10=0x0000000119f7f6b8 is at entry_point+56 in (nmethod*)0x0000000119f7f510
R11=0x00000000e8055c83 is an unknown value
R12=0x0000000000000000 is an unknown value
R13=0x0000700007cc08e8 is pointing into the stack for thread: 0x00007fc778884000
R14=0x00007fc7788841f8 is an unknown value
R15=0x00007fc778884000 is a thread


Stack: [0x0000700007bc1000,0x0000700007cc1000],  sp=0x0000700007cc07c0,  free space=1021k
Native frames: (J=compiled Java code, j=interpreted, Vv=VM code, C=native code)
C  [libawt_lwawt.dylib+0x1c45f]  OGLSD_SetScratchSurface+0x49
C  [libawt_lwawt.dylib+0x3cd36]  Java_sun_java2d_opengl_OGLRenderQueue_flushBuffer+0x63a
J 3926  sun.java2d.opengl.OGLRenderQueue.flushBuffer(JI)V (0 bytes) @ 0x0000000119f7f72a [0x0000000119f7f680+0xaa]
J 6528 C2 sun.java2d.opengl.OGLRenderQueue.access$100(Lsun/java2d/opengl/OGLRenderQueue;)V (5 bytes) @ 0x0000000119c20ef0 [0x0000000119c20ec0+0x30]
j  sun.java2d.opengl.OGLRenderQueue$QueueFlusher.run()V+81
v  ~StubRoutines::call_stub
V  [libjvm.dylib+0x2ee70a]
V  [libjvm.dylib+0x2eeeae]
V  [libjvm.dylib+0x2ef05a]
V  [libjvm.dylib+0x3497b1]
V  [libjvm.dylib+0x56c0b3]
V  [libjvm.dylib+0x56d7a0]
V  [libjvm.dylib+0x48baee]
C  [libsystem_pthread.dylib+0x393b]  _pthread_body+0xb4
C  [libsystem_pthread.dylib+0x3887]  _pthread_body+0x0
C  [libsystem_pthread.dylib+0x308d]  thread_start+0xd
C  0x0000000000000000

Java frames: (J=compiled Java code, j=interpreted, Vv=VM code)
J 3926  sun.java2d.opengl.OGLRenderQueue.flushBuffer(JI)V (0 bytes) @ 0x0000000119f7f6b8 [0x0000000119f7f680+0x38]
J 6528 C2 sun.java2d.opengl.OGLRenderQueue.access$100(Lsun/java2d/opengl/OGLRenderQueue;)V (5 bytes) @ 0x0000000119c20ef0 [0x0000000119c20ec0+0x30]
j  sun.java2d.opengl.OGLRenderQueue$QueueFlusher.run()V+81
v  ~StubRoutines::call_stub

---------------  P R O C E S S  ---------------

Java Threads: ( => current thread )
  0x00007fc778653000 JavaThread "Thread Group 1-1" [_thread_in_Java, id=78331, stack(0x0000700008487000,0x0000700008587000)]
  0x00007fc780df6800 JavaThread "StandardJMeterEngine" [_thread_blocked, id=23935, stack(0x0000700008384000,0x0000700008484000)]
  0x00007fc778e39000 JavaThread "HTTP Proxy Daemon" [_thread_in_native, id=38447, stack(0x0000700007dc7000,0x0000700007ec7000)]
  0x00007fc77e540000 JavaThread "NanoOffset" daemon [_thread_blocked, id=73299, stack(0x0000700008281000,0x0000700008381000)]
  0x00007fc780988800 JavaThread "DestroyJavaVM" [_thread_blocked, id=6915, stack(0x0000700006a88000,0x0000700006b88000)]
  0x00007fc7784e4000 JavaThread "TimerQueue" daemon [_thread_blocked, id=68615, stack(0x0000700008153000,0x0000700008253000)]
  0x00007fc778468000 JavaThread "Timer-0" daemon [_thread_blocked, id=67815, stack(0x0000700008050000,0x0000700008150000)]
  0x00007fc778e33800 JavaThread "AWT-EventQueue-0" [_thread_blocked, id=63791, stack(0x0000700007f4d000,0x000070000804d000)]
  0x00007fc778c15000 JavaThread "Java2D Disposer" daemon [_thread_blocked, id=58635, stack(0x0000700007cc4000,0x0000700007dc4000)]
=>0x00007fc778884000 JavaThread "Java2D Queue Flusher" daemon [_thread_in_native, id=49455, stack(0x0000700007bc1000,0x0000700007cc1000)]
  0x00007fc7798f9000 JavaThread "AWT-Shutdown" [_thread_blocked, id=30495, stack(0x00007000079b8000,0x0000700007ab8000)]
  0x00007fc778cc5800 JavaThread "AppKit Thread" daemon [_thread_blocked, id=775, stack(0x00007fff54913000,0x00007fff55113000)]
  0x00007fc77982d000 JavaThread "Service Thread" daemon [_thread_blocked, id=18691, stack(0x000070000772f000,0x000070000782f000)]
  0x00007fc779804000 JavaThread "C1 CompilerThread2" daemon [_thread_in_vm, id=18179, stack(0x000070000762c000,0x000070000772c000)]
  0x00007fc779803800 JavaThread "C2 CompilerThread1" daemon [_thread_blocked, id=17667, stack(0x0000700007529000,0x0000700007629000)]
  0x00007fc779802000 JavaThread "C2 CompilerThread0" daemon [_thread_in_vm, id=17155, stack(0x0000700007426000,0x0000700007526000)]
  0x00007fc779800000 JavaThread "Signal Dispatcher" daemon [_thread_blocked, id=16643, stack(0x0000700007323000,0x0000700007423000)]
  0x00007fc778823800 JavaThread "Finalizer" daemon [_thread_blocked, id=12291, stack(0x000070000719d000,0x000070000729d000)]
  0x00007fc778821000 JavaThread "Reference Handler" daemon [_thread_blocked, id=11779, stack(0x000070000709a000,0x000070000719a000)]

Other Threads:
  0x00007fc77881c800 VMThread [stack: 0x0000700006f97000,0x0000700007097000] [id=11267]
  0x00007fc779801000 WatcherThread [stack: 0x0000700007832000,0x0000700007932000] [id=19203]

VM state:not at safepoint (normal execution)

VM Mutex/Monitor currently owned by a thread: None

Heap:
 PSYoungGen      total 344064K, used 8767K [0x0000000795580000, 0x00000007b0600000, 0x00000007c0000000)
  eden space 326656K, 2% used [0x0000000795580000,0x0000000795e0fcf8,0x00000007a9480000)
  from space 17408K, 0% used [0x00000007af500000,0x00000007af500000,0x00000007b0600000)
  to   space 24064K, 0% used [0x00000007ad700000,0x00000007ad700000,0x00000007aee80000)
 ParOldGen       total 86528K, used 37089K [0x0000000740000000, 0x0000000745480000, 0x0000000795580000)
  object space 86528K, 42% used [0x0000000740000000,0x00000007424387e0,0x0000000745480000)
 Metaspace       used 49584K, capacity 51022K, committed 51120K, reserved 1093632K
  class space    used 6936K, capacity 7338K, committed 7344K, reserved 1048576K

Card table byte_map: [0x000000010c767000,0x000000010cb68000] byte_map_base: 0x0000000108d67000

Marking Bits: (ParMarkBitMap*) 0x000000010bcf35d0
 Begin Bits: [0x000000010ce13000, 0x000000010ee13000)
 End Bits:   [0x000000010ee13000, 0x0000000110e13000)

Polling page: 0x000000010abdf000

CodeCache: size=245760Kb used=24779Kb max_used=24780Kb free=220980Kb
 bounds [0x00000001194a5000, 0x000000011ad15000, 0x00000001284a5000]
 total_blobs=8436 nmethods=7649 adapters=695
 compilation: enabled

Compilation events (10 events):
Event: 1980.853 Thread 0x00007fc779804000 9517       3       java.awt.AWTEventMulticaster::remove (9 bytes)
Event: 1980.854 Thread 0x00007fc779804000 nmethod 9517 0x00000001195dfd10 code [0x00000001195dfea0, 0x00000001195e0488]
Event: 1980.854 Thread 0x00007fc779804000 9516  s    3       java.awt.Component::removeMouseWheelListener (18 bytes)
Event: 1980.855 Thread 0x00007fc779804000 nmethod 9516 0x000000011acf85d0 code [0x000000011acf8780, 0x000000011acf9008]
Event: 1980.855 Thread 0x00007fc779804000 9518       1       org.apache.logging.log4j.core.config.LoggerConfig::isIncludeLocation (5 bytes)
Event: 1980.855 Thread 0x00007fc779804000 nmethod 9518 0x000000011acee310 code [0x000000011acee460, 0x000000011acee570]
Event: 1980.856 Thread 0x00007fc779802000 9505       4       java.util.LinkedHashMap$LinkedValues::iterator (12 bytes)
Event: 1980.858 Thread 0x00007fc779804000 9520       3       org.apache.jmeter.testelement.property.CollectionProperty::clone (5 bytes)
Event: 1980.858 Thread 0x00007fc779804000 nmethod 9520 0x000000011acf0e90 code [0x000000011acf1020, 0x000000011acf1378]
Event: 1980.860 Thread 0x00007fc779804000 9521       3       org.apache.jmeter.testelement.property.CollectionProperty::clone (18 bytes)

GC Heap History (10 events):
Event: 797.680 GC heap before
{Heap before GC invocations=19 (full 2):
 PSYoungGen      total 368640K, used 360314K [0x0000000795580000, 0x00000007ae080000, 0x00000007c0000000)
  eden space 356352K, 98% used [0x0000000795580000,0x00000007aab5b6f8,0x00000007ab180000)
  from space 12288K, 83% used [0x00000007ad480000,0x00000007ade83200,0x00000007ae080000)
  to   space 24064K, 0% used [0x00000007ab180000,0x00000007ab180000,0x00000007ac900000)
 ParOldGen       total 86528K, used 49797K [0x0000000740000000, 0x0000000745480000, 0x0000000795580000)
  object space 86528K, 57% used [0x0000000740000000,0x00000007430a1740,0x0000000745480000)
 Metaspace       used 46887K, capacity 48168K, committed 48560K, reserved 1091584K
  class space    used 6672K, capacity 7057K, committed 7088K, reserved 1048576K
Event: 797.708 GC heap after
Heap after GC invocations=19 (full 2):
 PSYoungGen      total 380416K, used 12871K [0x0000000795580000, 0x00000007b1c00000, 0x00000007c0000000)
  eden space 356352K, 0% used [0x0000000795580000,0x0000000795580000,0x00000007ab180000)
  from space 24064K, 53% used [0x00000007ab180000,0x00000007abe11d68,0x00000007ac900000)
  to   space 23040K, 0% used [0x00000007b0580000,0x00000007b0580000,0x00000007b1c00000)
 ParOldGen       total 86528K, used 51699K [0x0000000740000000, 0x0000000745480000, 0x0000000795580000)
  object space 86528K, 59% used [0x0000000740000000,0x000000074327cf70,0x0000000745480000)
 Metaspace       used 46887K, capacity 48168K, committed 48560K, reserved 1091584K
  class space    used 6672K, capacity 7057K, committed 7088K, reserved 1048576K
}
Event: 1016.093 GC heap before
{Heap before GC invocations=20 (full 2):
 PSYoungGen      total 380416K, used 363471K [0x0000000795580000, 0x00000007b1c00000, 0x00000007c0000000)
  eden space 356352K, 98% used [0x0000000795580000,0x00000007aabe1f28,0x00000007ab180000)
  from space 24064K, 53% used [0x00000007ab180000,0x00000007abe11d68,0x00000007ac900000)
  to   space 23040K, 0% used [0x00000007b0580000,0x00000007b0580000,0x00000007b1c00000)
 ParOldGen       total 86528K, used 51699K [0x0000000740000000, 0x0000000745480000, 0x0000000795580000)
  object space 86528K, 59% used [0x0000000740000000,0x000000074327cf70,0x0000000745480000)
 Metaspace       used 47318K, capacity 48638K, committed 48944K, reserved 1091584K
  class space    used 6706K, capacity 7098K, committed 7216K, reserved 1048576K
Event: 1016.107 GC heap after
Heap after GC invocations=20 (full 2):
 PSYoungGen      total 354304K, used 12903K [0x0000000795580000, 0x00000007b1280000, 0x00000007c0000000)
  eden space 340992K, 0% used [0x0000000795580000,0x0000000795580000,0x00000007aa280000)
  from space 13312K, 96% used [0x00000007b0580000,0x00000007b1219fa0,0x00000007b1280000)
  to   space 22016K, 0% used [0x00000007ae780000,0x00000007ae780000,0x00000007afd00000)
 ParOldGen       total 86528K, used 51707K [0x0000000740000000, 0x0000000745480000, 0x0000000795580000)
  object space 86528K, 59% used [0x0000000740000000,0x000000074327ef70,0x0000000745480000)
 Metaspace       used 47318K, capacity 48638K, committed 48944K, reserved 1091584K
  class space    used 6706K, capacity 7098K, committed 7216K, reserved 1048576K
}
Event: 1313.101 GC heap before
{Heap before GC invocations=21 (full 2):
 PSYoungGen      total 354304K, used 352561K [0x0000000795580000, 0x00000007b1280000, 0x00000007c0000000)
  eden space 340992K, 99% used [0x0000000795580000,0x00000007aa132630,0x00000007aa280000)
  from space 13312K, 96% used [0x00000007b0580000,0x00000007b1219fa0,0x00000007b1280000)
  to   space 22016K, 0% used [0x00000007ae780000,0x00000007ae780000,0x00000007afd00000)
 ParOldGen       total 86528K, used 51707K [0x0000000740000000, 0x0000000745480000, 0x0000000795580000)
  object space 86528K, 59% used [0x0000000740000000,0x000000074327ef70,0x0000000745480000)
 Metaspace       used 47611K, capacity 48948K, committed 49200K, reserved 1091584K
  class space    used 6714K, capacity 7107K, committed 7216K, reserved 1048576K
Event: 1313.127 GC heap after
Heap after GC invocations=21 (full 2):
 PSYoungGen      total 340480K, used 13762K [0x0000000795580000, 0x00000007b0600000, 0x00000007c0000000)
  eden space 326656K, 0% used [0x0000000795580000,0x0000000795580000,0x00000007a9480000)
  from space 13824K, 99% used [0x00000007ae780000,0x00000007af4f09e8,0x00000007af500000)
  to   space 17408K, 0% used [0x00000007af500000,0x00000007af500000,0x00000007b0600000)
 ParOldGen       total 86528K, used 51715K [0x0000000740000000, 0x0000000745480000, 0x0000000795580000)
  object space 86528K, 59% used [0x0000000740000000,0x0000000743280f70,0x0000000745480000)
 Metaspace       used 47611K, capacity 48948K, committed 49200K, reserved 1091584K
  class space    used 6714K, capacity 7107K, committed 7216K, reserved 1048576K
}
Event: 1980.574 GC heap before
{Heap before GC invocations=22 (full 2):
 PSYoungGen      total 340480K, used 250349K [0x0000000795580000, 0x00000007b0600000, 0x00000007c0000000)
  eden space 326656K, 72% used [0x0000000795580000,0x00000007a3c8aae0,0x00000007a9480000)
  from space 13824K, 99% used [0x00000007ae780000,0x00000007af4f09e8,0x00000007af500000)
  to   space 17408K, 0% used [0x00000007af500000,0x00000007af500000,0x00000007b0600000)
 ParOldGen       total 86528K, used 51715K [0x0000000740000000, 0x0000000745480000, 0x0000000795580000)
  object space 86528K, 59% used [0x0000000740000000,0x0000000743280f70,0x0000000745480000)
 Metaspace       used 49559K, capacity 50984K, committed 51120K, reserved 1093632K
  class space    used 6932K, capacity 7305K, committed 7344K, reserved 1048576K
Event: 1980.609 GC heap after
Heap after GC invocations=22 (full 2):
 PSYoungGen      total 344064K, used 17405K [0x0000000795580000, 0x00000007b0600000, 0x00000007c0000000)
  eden space 326656K, 0% used [0x0000000795580000,0x0000000795580000,0x00000007a9480000)
  from space 17408K, 99% used [0x00000007af500000,0x00000007b05ff460,0x00000007b0600000)
  to   space 24064K, 0% used [0x00000007ad700000,0x00000007ad700000,0x00000007aee80000)
 ParOldGen       total 86528K, used 56787K [0x0000000740000000, 0x0000000745480000, 0x0000000795580000)
  object space 86528K, 65% used [0x0000000740000000,0x0000000743774c58,0x0000000745480000)
 Metaspace       used 49559K, capacity 50984K, committed 51120K, reserved 1093632K
  class space    used 6932K, capacity 7305K, committed 7344K, reserved 1048576K
}
Event: 1980.609 GC heap before
{Heap before GC invocations=23 (full 3):
 PSYoungGen      total 344064K, used 17405K [0x0000000795580000, 0x00000007b0600000, 0x00000007c0000000)
  eden space 326656K, 0% used [0x0000000795580000,0x0000000795580000,0x00000007a9480000)
  from space 17408K, 99% used [0x00000007af500000,0x00000007b05ff460,0x00000007b0600000)
  to   space 24064K, 0% used [0x00000007ad700000,0x00000007ad700000,0x00000007aee80000)
 ParOldGen       total 86528K, used 56787K [0x0000000740000000, 0x0000000745480000, 0x0000000795580000)
  object space 86528K, 65% used [0x0000000740000000,0x0000000743774c58,0x0000000745480000)
 Metaspace       used 49559K, capacity 50984K, committed 51120K, reserved 1093632K
  class space    used 6932K, capacity 7305K, committed 7344K, reserved 1048576K
Event: 1980.843 GC heap after
Heap after GC invocations=23 (full 3):
 PSYoungGen      total 344064K, used 0K [0x0000000795580000, 0x00000007b0600000, 0x00000007c0000000)
  eden space 326656K, 0% used [0x0000000795580000,0x0000000795580000,0x00000007a9480000)
  from space 17408K, 0% used [0x00000007af500000,0x00000007af500000,0x00000007b0600000)
  to   space 24064K, 0% used [0x00000007ad700000,0x00000007ad700000,0x00000007aee80000)
 ParOldGen       total 86528K, used 37089K [0x0000000740000000, 0x0000000745480000, 0x0000000795580000)
  object space 86528K, 42% used [0x0000000740000000,0x00000007424387e0,0x0000000745480000)
 Metaspace       used 49559K, capacity 50984K, committed 51120K, reserved 1093632K
  class space    used 6932K, capacity 7305K, committed 7344K, reserved 1048576K
}

Deoptimization events (10 events):
Event: 1978.350 Thread 0x00007fc778e33800 Uncommon trap: reason=bimorphic action=maybe_recompile pc=0x0000000119f07c98 method=java.awt.Component.processEvent(Ljava/awt/AWTEvent;)V @ 205
Event: 1980.107 Thread 0x00007fc778e33800 Uncommon trap: reason=bimorphic action=maybe_recompile pc=0x000000011a4ffa24 method=java.awt.LightweightDispatcher.eventDispatched(Ljava/awt/AWTEvent;)V @ 247
Event: 1980.114 Thread 0x00007fc778e33800 Uncommon trap: reason=bimorphic action=maybe_recompile pc=0x000000011a4ffa24 method=java.awt.LightweightDispatcher.eventDispatched(Ljava/awt/AWTEvent;)V @ 247
Event: 1980.124 Thread 0x00007fc778e33800 Uncommon trap: reason=bimorphic action=maybe_recompile pc=0x000000011a4ffa24 method=java.awt.LightweightDispatcher.eventDispatched(Ljava/awt/AWTEvent;)V @ 247
Event: 1980.135 Thread 0x00007fc778e33800 Uncommon trap: reason=bimorphic action=maybe_recompile pc=0x000000011a4ffa24 method=java.awt.LightweightDispatcher.eventDispatched(Ljava/awt/AWTEvent;)V @ 247
Event: 1980.200 Thread 0x00007fc778e33800 Uncommon trap: reason=unstable_if action=reinterpret pc=0x000000011a675e7c method=java.beans.ChangeListenerMap.remove(Ljava/lang/String;Ljava/util/EventListener;)V @ 4
Event: 1980.204 Thread 0x00007fc778e33800 Uncommon trap: reason=unstable_if action=reinterpret pc=0x000000011a260458 method=javax.swing.plaf.basic.BasicMenuItemUI$Handler.propertyChange(Ljava/beans/PropertyChangeEvent;)V @ 36
Event: 1980.516 Thread 0x00007fc780df6800 Uncommon trap: reason=unstable_if action=reinterpret pc=0x000000011a0019fc method=org.apache.jmeter.testelement.property.StringProperty.setRunningVersion(Z)V @ 6
Event: 1980.522 Thread 0x00007fc778e33800 Uncommon trap: reason=unstable_if action=reinterpret pc=0x000000011a8886b0 method=java.awt.Component.dispatchEventImpl(Ljava/awt/AWTEvent;)V @ 336
Event: 1980.852 Thread 0x00007fc778823800 Uncommon trap: reason=unstable_if action=reinterpret pc=0x000000011a671360 method=java.util.concurrent.locks.ReentrantReadWriteLock$Sync.tryAcquire(I)Z @ 80

Internal exceptions (10 events):
Event: 1974.839 Thread 0x00007fc778e39000 Exception <a 'java/net/SocketTimeoutException': Accept timed out> (0x000000079ac54848) thrown at [/Users/java_re/workspace/8-2-build-macosx-x86_64/jdk8u144/9417/hotspot/src/share/vm/prims/jni.cpp, line 735]
Event: 1975.840 Thread 0x00007fc778e39000 Exception <a 'java/net/SocketTimeoutException': Accept timed out> (0x000000079ac54be0) thrown at [/Users/java_re/workspace/8-2-build-macosx-x86_64/jdk8u144/9417/hotspot/src/share/vm/prims/jni.cpp, line 735]
Event: 1976.840 Thread 0x00007fc778e39000 Exception <a 'java/net/SocketTimeoutException': Accept timed out> (0x000000079ac54f78) thrown at [/Users/java_re/workspace/8-2-build-macosx-x86_64/jdk8u144/9417/hotspot/src/share/vm/prims/jni.cpp, line 735]
Event: 1977.844 Thread 0x00007fc778e39000 Exception <a 'java/net/SocketTimeoutException': Accept timed out> (0x000000079ac55310) thrown at [/Users/java_re/workspace/8-2-build-macosx-x86_64/jdk8u144/9417/hotspot/src/share/vm/prims/jni.cpp, line 735]
Event: 1978.241 Thread 0x00007fc778e33800 Implicit null exception at 0x000000011a873b97 to 0x000000011a8740b0
Event: 1978.847 Thread 0x00007fc778e39000 Exception <a 'java/net/SocketTimeoutException': Accept timed out> (0x000000079ac556a8) thrown at [/Users/java_re/workspace/8-2-build-macosx-x86_64/jdk8u144/9417/hotspot/src/share/vm/prims/jni.cpp, line 735]
Event: 1979.847 Thread 0x00007fc778e39000 Exception <a 'java/net/SocketTimeoutException': Accept timed out> (0x000000079ac55a40) thrown at [/Users/java_re/workspace/8-2-build-macosx-x86_64/jdk8u144/9417/hotspot/src/share/vm/prims/jni.cpp, line 735]
Event: 1980.200 Thread 0x00007fc778e33800 Implicit null exception at 0x000000011a6746c2 to 0x000000011a675e6d
Event: 1980.522 Thread 0x00007fc778e33800 Implicit null exception at 0x000000011a8868f4 to 0x000000011a888691
Event: 1980.851 Thread 0x00007fc778e39000 Exception <a 'java/net/SocketTimeoutException': Accept timed out> (0x0000000795c7bb00) thrown at [/Users/java_re/workspace/8-2-build-macosx-x86_64/jdk8u144/9417/hotspot/src/share/vm/prims/jni.cpp, line 735]

Events (10 events):
Event: 1980.852 Executing VM operation: RevokeBias done
Event: 1980.852 Thread 0x00007fc778823800 Uncommon trap: trap_request=0xffffff65 fr.pc=0x000000011a671360
Event: 1980.852 Thread 0x00007fc778823800 DEOPT PACKING pc=0x000000011a671360 sp=0x000070000729c650
Event: 1980.852 Thread 0x00007fc778823800 DEOPT UNPACKING pc=0x00000001194aa229 sp=0x000070000729c600 mode 2
Event: 1980.852 Thread 0x00007fc779802000 flushing nmethod 0x00000001195dfbd0
Event: 1980.852 Thread 0x00007fc778653000 Thread exited: 0x00007fc778653000
Event: 1980.853 loading class org/apache/jorphan/util/JMeterStopTestNowException
Event: 1980.853 loading class org/apache/jorphan/util/JMeterStopTestNowException done
Event: 1980.856 loading class org/apache/jmeter/timers/TimerService$TimerServiceHolder
Event: 1980.856 loading class org/apache/jmeter/timers/TimerService$TimerServiceHolder done


Dynamic libraries:
0x000000000098d000 	/System/Library/Frameworks/Cocoa.framework/Versions/A/Cocoa
0x000000000098d000 	/System/Library/Frameworks/Security.framework/Versions/A/Security
0x000000000098d000 	/System/Library/Frameworks/ApplicationServices.framework/Versions/A/ApplicationServices
0x000000000098d000 	/usr/lib/libz.1.dylib
0x000000000098d000 	/usr/lib/libSystem.B.dylib
0x000000000098d000 	/usr/lib/libobjc.A.dylib
0x000000000098d000 	/System/Library/Frameworks/CoreFoundation.framework/Versions/A/CoreFoundation
0x000000000098d000 	/System/Library/Frameworks/Foundation.framework/Versions/C/Foundation
0x000000000098d000 	/System/Library/Frameworks/AppKit.framework/Versions/C/AppKit
0x000000000098d000 	/System/Library/Frameworks/CoreData.framework/Versions/A/CoreData
0x000000000098d000 	/System/Library/PrivateFrameworks/RemoteViewServices.framework/Versions/A/RemoteViewServices
0x000000000098d000 	/System/Library/PrivateFrameworks/UIFoundation.framework/Versions/A/UIFoundation
0x000000000098d000 	/System/Library/PrivateFrameworks/DFRFoundation.framework/Versions/A/DFRFoundation
0x000000000098d000 	/usr/lib/libenergytrace.dylib
0x000000000098d000 	/System/Library/PrivateFrameworks/SkyLight.framework/Versions/A/SkyLight
0x000000000098d000 	/System/Library/Frameworks/CoreGraphics.framework/Versions/A/CoreGraphics
0x000000000098d000 	/usr/lib/libScreenReader.dylib
0x000000000098d000 	/System/Library/Frameworks/Accelerate.framework/Versions/A/Accelerate
0x000000000098d000 	/System/Library/Frameworks/IOSurface.framework/Versions/A/IOSurface
0x000000000098d000 	/System/Library/Frameworks/AudioToolbox.framework/Versions/A/AudioToolbox
0x000000000098d000 	/System/Library/Frameworks/AudioUnit.framework/Versions/A/AudioUnit
0x000000000098d000 	/System/Library/PrivateFrameworks/DataDetectorsCore.framework/Versions/A/DataDetectorsCore
0x000000000098d000 	/System/Library/PrivateFrameworks/DesktopServicesPriv.framework/Versions/A/DesktopServicesPriv
0x000000000098d000 	/System/Library/Frameworks/Carbon.framework/Versions/A/Frameworks/HIToolbox.framework/Versions/A/HIToolbox
0x000000000098d000 	/usr/lib/libicucore.A.dylib
0x000000000098d000 	/System/Library/Frameworks/QuartzCore.framework/Versions/A/QuartzCore
0x000000000098d000 	/System/Library/Frameworks/Carbon.framework/Versions/A/Frameworks/SpeechRecognition.framework/Versions/A/SpeechRecognition
0x000000000098d000 	/usr/lib/libauto.dylib
0x000000000098d000 	/usr/lib/libxml2.2.dylib
0x000000000098d000 	/System/Library/PrivateFrameworks/CoreUI.framework/Versions/A/CoreUI
0x000000000098d000 	/System/Library/Frameworks/CoreAudio.framework/Versions/A/CoreAudio
0x000000000098d000 	/System/Library/Frameworks/DiskArbitration.framework/Versions/A/DiskArbitration
0x000000000098d000 	/usr/lib/liblangid.dylib
0x000000000098d000 	/System/Library/PrivateFrameworks/MultitouchSupport.framework/Versions/A/MultitouchSupport
0x000000000098d000 	/System/Library/Frameworks/IOKit.framework/Versions/A/IOKit
0x000000000098d000 	/usr/lib/libDiagnosticMessagesClient.dylib
0x000000000098d000 	/System/Library/Frameworks/CoreServices.framework/Versions/A/CoreServices
0x000000000098d000 	/System/Library/PrivateFrameworks/PerformanceAnalysis.framework/Versions/A/PerformanceAnalysis
0x000000000098d000 	/System/Library/PrivateFrameworks/GenerationalStorage.framework/Versions/A/GenerationalStorage
0x000000000098d000 	/System/Library/Frameworks/OpenGL.framework/Versions/A/OpenGL
0x000000000098d000 	/System/Library/Frameworks/CoreImage.framework/Versions/A/CoreImage
0x000000000098d000 	/System/Library/Frameworks/CoreText.framework/Versions/A/CoreText
0x000000000098d000 	/System/Library/Frameworks/ImageIO.framework/Versions/A/ImageIO
0x000000000098d000 	/System/Library/PrivateFrameworks/Backup.framework/Versions/A/Backup
0x000000000098d000 	/usr/lib/libarchive.2.dylib
0x000000000098d000 	/System/Library/Frameworks/CFNetwork.framework/Versions/A/CFNetwork
0x000000000098d000 	/System/Library/Frameworks/SystemConfiguration.framework/Versions/A/SystemConfiguration
0x000000000098d000 	/usr/lib/libCRFSuite.dylib
0x000000000098d000 	/usr/lib/libc++.1.dylib
0x000000000098d000 	/usr/lib/libc++abi.dylib
0x000000000098d000 	/usr/lib/system/libcache.dylib
0x000000000098d000 	/usr/lib/system/libcommonCrypto.dylib
0x000000000098d000 	/usr/lib/system/libcompiler_rt.dylib
0x000000000098d000 	/usr/lib/system/libcopyfile.dylib
0x000000000098d000 	/usr/lib/system/libcorecrypto.dylib
0x000000000098d000 	/usr/lib/system/libdispatch.dylib
0x000000000098d000 	/usr/lib/system/libdyld.dylib
0x000000000098d000 	/usr/lib/system/libkeymgr.dylib
0x000000000098d000 	/usr/lib/system/liblaunch.dylib
0x000000000098d000 	/usr/lib/system/libmacho.dylib
0x000000000098d000 	/usr/lib/system/libquarantine.dylib
0x000000000098d000 	/usr/lib/system/libremovefile.dylib
0x000000000098d000 	/usr/lib/system/libsystem_asl.dylib
0x000000000098d000 	/usr/lib/system/libsystem_blocks.dylib
0x000000000098d000 	/usr/lib/system/libsystem_c.dylib
0x000000000098d000 	/usr/lib/system/libsystem_configuration.dylib
0x000000000098d000 	/usr/lib/system/libsystem_coreservices.dylib
0x000000000098d000 	/usr/lib/system/libsystem_coretls.dylib
0x000000000098d000 	/usr/lib/system/libsystem_dnssd.dylib
0x000000000098d000 	/usr/lib/system/libsystem_info.dylib
0x000000000098d000 	/usr/lib/system/libsystem_kernel.dylib
0x000000000098d000 	/usr/lib/system/libsystem_m.dylib
0x000000000098d000 	/usr/lib/system/libsystem_malloc.dylib
0x000000000098d000 	/usr/lib/system/libsystem_network.dylib
0x000000000098d000 	/usr/lib/system/libsystem_networkextension.dylib
0x000000000098d000 	/usr/lib/system/libsystem_notify.dylib
0x000000000098d000 	/usr/lib/system/libsystem_platform.dylib
0x000000000098d000 	/usr/lib/system/libsystem_pthread.dylib
0x000000000098d000 	/usr/lib/system/libsystem_sandbox.dylib
0x000000000098d000 	/usr/lib/system/libsystem_secinit.dylib
0x000000000098d000 	/usr/lib/system/libsystem_symptoms.dylib
0x000000000098d000 	/usr/lib/system/libsystem_trace.dylib
0x000000000098d000 	/usr/lib/system/libunwind.dylib
0x000000000098d000 	/usr/lib/system/libxpc.dylib
0x000000000098d000 	/usr/lib/libbsm.0.dylib
0x000000000098d000 	/usr/lib/system/libkxld.dylib
0x000000000098d000 	/usr/lib/libcoretls.dylib
0x000000000098d000 	/usr/lib/libcoretls_cfhelpers.dylib
0x000000000098d000 	/usr/lib/libOpenScriptingUtil.dylib
0x000000000098d000 	/usr/lib/libpam.2.dylib
0x000000000098d000 	/usr/lib/libsqlite3.dylib
0x000000000098d000 	/usr/lib/libxar.1.dylib
0x000000000098d000 	/usr/lib/libbz2.1.0.dylib
0x000000000098d000 	/usr/lib/liblzma.5.dylib
0x000000000098d000 	/usr/lib/libnetwork.dylib
0x000000000098d000 	/usr/lib/libpcap.A.dylib
0x000000000098d000 	/System/Library/Frameworks/CoreServices.framework/Versions/A/Frameworks/FSEvents.framework/Versions/A/FSEvents
0x000000000098d000 	/System/Library/Frameworks/CoreServices.framework/Versions/A/Frameworks/CarbonCore.framework/Versions/A/CarbonCore
0x000000000098d000 	/System/Library/Frameworks/CoreServices.framework/Versions/A/Frameworks/Metadata.framework/Versions/A/Metadata
0x000000000098d000 	/System/Library/Frameworks/CoreServices.framework/Versions/A/Frameworks/OSServices.framework/Versions/A/OSServices
0x000000000098d000 	/System/Library/Frameworks/CoreServices.framework/Versions/A/Frameworks/SearchKit.framework/Versions/A/SearchKit
0x000000000098d000 	/System/Library/Frameworks/CoreServices.framework/Versions/A/Frameworks/AE.framework/Versions/A/AE
0x000000000098d000 	/System/Library/Frameworks/CoreServices.framework/Versions/A/Frameworks/LaunchServices.framework/Versions/A/LaunchServices
0x000000000098d000 	/System/Library/Frameworks/CoreServices.framework/Versions/A/Frameworks/DictionaryServices.framework/Versions/A/DictionaryServices
0x000000000098d000 	/System/Library/Frameworks/CoreServices.framework/Versions/A/Frameworks/SharedFileList.framework/Versions/A/SharedFileList
0x000000000098d000 	/System/Library/Frameworks/NetFS.framework/Versions/A/NetFS
0x000000000098d000 	/System/Library/PrivateFrameworks/NetAuth.framework/Versions/A/NetAuth
0x000000000098d000 	/System/Library/PrivateFrameworks/login.framework/Versions/A/Frameworks/loginsupport.framework/Versions/A/loginsupport
0x000000000098d000 	/System/Library/PrivateFrameworks/TCC.framework/Versions/A/TCC
0x000000000098d000 	/usr/lib/libmecabra.dylib
0x000000000098d000 	/System/Library/Frameworks/ApplicationServices.framework/Versions/A/Frameworks/ATS.framework/Versions/A/ATS
0x000000000098d000 	/System/Library/Frameworks/ApplicationServices.framework/Versions/A/Frameworks/ColorSync.framework/Versions/A/ColorSync
0x000000000098d000 	/System/Library/Frameworks/ApplicationServices.framework/Versions/A/Frameworks/HIServices.framework/Versions/A/HIServices
0x000000000098d000 	/System/Library/Frameworks/ApplicationServices.framework/Versions/A/Frameworks/LangAnalysis.framework/Versions/A/LangAnalysis
0x000000000098d000 	/System/Library/Frameworks/ApplicationServices.framework/Versions/A/Frameworks/PrintCore.framework/Versions/A/PrintCore
0x000000000098d000 	/System/Library/Frameworks/ApplicationServices.framework/Versions/A/Frameworks/QD.framework/Versions/A/QD
0x000000000098d000 	/System/Library/Frameworks/ApplicationServices.framework/Versions/A/Frameworks/SpeechSynthesis.framework/Versions/A/SpeechSynthesis
0x000000000098d000 	/System/Library/Frameworks/Accelerate.framework/Versions/A/Frameworks/vImage.framework/Versions/A/vImage
0x000000000098d000 	/System/Library/Frameworks/Accelerate.framework/Versions/A/Frameworks/vecLib.framework/Versions/A/vecLib
0x000000000098d000 	/System/Library/Frameworks/Accelerate.framework/Versions/A/Frameworks/vecLib.framework/Versions/A/libvDSP.dylib
0x000000000098d000 	/System/Library/Frameworks/Accelerate.framework/Versions/A/Frameworks/vecLib.framework/Versions/A/libBNNS.dylib
0x000000000098d000 	/System/Library/Frameworks/Accelerate.framework/Versions/A/Frameworks/vecLib.framework/Versions/A/libQuadrature.dylib
0x000000000098d000 	/System/Library/Frameworks/Accelerate.framework/Versions/A/Frameworks/vecLib.framework/Versions/A/libvMisc.dylib
0x000000000098d000 	/System/Library/Frameworks/Accelerate.framework/Versions/A/Frameworks/vecLib.framework/Versions/A/libLAPACK.dylib
0x000000000098d000 	/System/Library/Frameworks/Accelerate.framework/Versions/A/Frameworks/vecLib.framework/Versions/A/libBLAS.dylib
0x000000000098d000 	/System/Library/Frameworks/Accelerate.framework/Versions/A/Frameworks/vecLib.framework/Versions/A/libLinearAlgebra.dylib
0x000000000098d000 	/System/Library/Frameworks/Accelerate.framework/Versions/A/Frameworks/vecLib.framework/Versions/A/libSparseBLAS.dylib
0x000000000098d000 	/System/Library/Frameworks/ApplicationServices.framework/Versions/A/Frameworks/ATS.framework/Versions/A/Resources/libFontParser.dylib
0x000000000098d000 	/System/Library/Frameworks/ApplicationServices.framework/Versions/A/Frameworks/ATS.framework/Versions/A/Resources/libFontRegistry.dylib
0x000000000098d000 	/System/Library/Frameworks/ImageIO.framework/Versions/A/Resources/libJPEG.dylib
0x000000000098d000 	/System/Library/Frameworks/ImageIO.framework/Versions/A/Resources/libTIFF.dylib
0x000000000098d000 	/System/Library/Frameworks/ImageIO.framework/Versions/A/Resources/libPng.dylib
0x000000000098d000 	/System/Library/Frameworks/ImageIO.framework/Versions/A/Resources/libGIF.dylib
0x000000000098d000 	/System/Library/Frameworks/ImageIO.framework/Versions/A/Resources/libJP2.dylib
0x000000000098d000 	/System/Library/Frameworks/ImageIO.framework/Versions/A/Resources/libRadiance.dylib
0x000000000098d000 	/usr/lib/libcompression.dylib
0x000000000098d000 	/System/Library/PrivateFrameworks/AppleJPEG.framework/Versions/A/AppleJPEG
0x000000000098d000 	/usr/lib/libcups.2.dylib
0x000000000098d000 	/System/Library/Frameworks/Kerberos.framework/Versions/A/Kerberos
0x000000000098d000 	/System/Library/Frameworks/GSS.framework/Versions/A/GSS
0x000000000098d000 	/usr/lib/libresolv.9.dylib
0x000000000098d000 	/usr/lib/libiconv.2.dylib
0x000000000098d000 	/System/Library/PrivateFrameworks/Heimdal.framework/Versions/A/Heimdal
0x000000000098d000 	/usr/lib/libheimdal-asn1.dylib
0x000000000098d000 	/System/Library/Frameworks/OpenDirectory.framework/Versions/A/OpenDirectory
0x000000000098d000 	/System/Library/PrivateFrameworks/CommonAuth.framework/Versions/A/CommonAuth
0x000000000098d000 	/System/Library/Frameworks/OpenDirectory.framework/Versions/A/Frameworks/CFOpenDirectory.framework/Versions/A/CFOpenDirectory
0x000000000098d000 	/System/Library/Frameworks/SecurityFoundation.framework/Versions/A/SecurityFoundation
0x000000000098d000 	/System/Library/PrivateFrameworks/LanguageModeling.framework/Versions/A/LanguageModeling
0x000000000098d000 	/usr/lib/libmarisa.dylib
0x000000000098d000 	/usr/lib/libChineseTokenizer.dylib
0x000000000098d000 	/usr/lib/libcmph.dylib
0x000000000098d000 	/System/Library/PrivateFrameworks/CoreEmoji.framework/Versions/A/CoreEmoji
0x000000000098d000 	/System/Library/Frameworks/ServiceManagement.framework/Versions/A/ServiceManagement
0x000000000098d000 	/usr/lib/libxslt.1.dylib
0x000000000098d000 	/System/Library/Frameworks/Carbon.framework/Versions/A/Frameworks/Ink.framework/Versions/A/Ink
0x000000000098d000 	/System/Library/PrivateFrameworks/TextureIO.framework/Versions/A/TextureIO
0x000000000098d000 	/System/Library/Frameworks/Metal.framework/Versions/A/Metal
0x000000000098d000 	/usr/lib/libate.dylib
0x000000000098d000 	/System/Library/PrivateFrameworks/GPUCompiler.framework/libmetal_timestamp.dylib
0x000000000098d000 	/System/Library/Frameworks/OpenGL.framework/Versions/A/Libraries/libCoreFSCache.dylib
0x000000000098d000 	/System/Library/PrivateFrameworks/IOAccelerator.framework/Versions/A/IOAccelerator
0x000000000098d000 	/System/Library/Frameworks/CoreVideo.framework/Versions/A/CoreVideo
0x000000000098d000 	/usr/lib/libFosl_dynamic.dylib
0x000000000098d000 	/System/Library/PrivateFrameworks/MetalPerformanceShaders.framework/Versions/A/MetalPerformanceShaders
0x000000000098d000 	/System/Library/PrivateFrameworks/FaceCore.framework/Versions/A/FaceCore
0x000000000098d000 	/System/Library/Frameworks/OpenCL.framework/Versions/A/OpenCL
0x000000000098d000 	/System/Library/Frameworks/OpenGL.framework/Versions/A/Libraries/libGLU.dylib
0x000000000098d000 	/System/Library/Frameworks/OpenGL.framework/Versions/A/Libraries/libGFXShared.dylib
0x000000000098d000 	/System/Library/Frameworks/OpenGL.framework/Versions/A/Libraries/libGL.dylib
0x000000000098d000 	/System/Library/Frameworks/OpenGL.framework/Versions/A/Libraries/libGLImage.dylib
0x000000000098d000 	/System/Library/Frameworks/OpenGL.framework/Versions/A/Libraries/libCVMSPluginSupport.dylib
0x000000000098d000 	/System/Library/Frameworks/OpenGL.framework/Versions/A/Libraries/libCoreVMClient.dylib
0x000000000098d000 	/System/Library/PrivateFrameworks/CrashReporterSupport.framework/Versions/A/CrashReporterSupport
0x000000000098d000 	/System/Library/PrivateFrameworks/Sharing.framework/Versions/A/Sharing
0x000000000098d000 	/System/Library/PrivateFrameworks/IconServices.framework/Versions/A/IconServices
0x000000000098d000 	/System/Library/PrivateFrameworks/ProtocolBuffer.framework/Versions/A/ProtocolBuffer
0x000000000098d000 	/System/Library/PrivateFrameworks/Apple80211.framework/Versions/A/Apple80211
0x000000000098d000 	/System/Library/Frameworks/CoreWLAN.framework/Versions/A/CoreWLAN
0x000000000098d000 	/System/Library/PrivateFrameworks/CoreUtils.framework/Versions/A/CoreUtils
0x000000000098d000 	/System/Library/Frameworks/IOBluetooth.framework/Versions/A/IOBluetooth
0x000000000098d000 	/System/Library/PrivateFrameworks/CoreWiFi.framework/Versions/A/CoreWiFi
0x000000000098d000 	/System/Library/Frameworks/CoreBluetooth.framework/Versions/A/CoreBluetooth
0x000000000098d000 	/System/Library/Frameworks/CoreDisplay.framework/Versions/A/CoreDisplay
0x000000000098d000 	/System/Library/PrivateFrameworks/IOPresentment.framework/Versions/A/IOPresentment
0x000000000098d000 	/System/Library/PrivateFrameworks/DSExternalDisplay.framework/Versions/A/DSExternalDisplay
0x000000000098d000 	/System/Library/PrivateFrameworks/DebugSymbols.framework/Versions/A/DebugSymbols
0x000000000098d000 	/System/Library/PrivateFrameworks/CoreSymbolication.framework/Versions/A/CoreSymbolication
0x000000000098d000 	/System/Library/PrivateFrameworks/Symbolication.framework/Versions/A/Symbolication
0x000000000098d000 	/System/Library/PrivateFrameworks/AppleFSCompression.framework/Versions/A/AppleFSCompression
0x000000000098d000 	/System/Library/PrivateFrameworks/SpeechRecognitionCore.framework/Versions/A/SpeechRecognitionCore
0x000000000098d000 	/System/Library/PrivateFrameworks/ChunkingLibrary.framework/Versions/A/ChunkingLibrary
0x000000010b400000 	/Library/Java/JavaVirtualMachines/jdk1.8.0_144.jdk/Contents/Home/jre/lib/server/libjvm.dylib
0x000000000098d000 	/usr/lib/libstdc++.6.dylib
0x000000010ab9c000 	/Library/Java/JavaVirtualMachines/jdk1.8.0_144.jdk/Contents/Home/jre/lib/libverify.dylib
0x000000010abaa000 	/Library/Java/JavaVirtualMachines/jdk1.8.0_144.jdk/Contents/Home/jre/lib/libjava.dylib
0x000000010abe9000 	/Library/Java/JavaVirtualMachines/jdk1.8.0_144.jdk/Contents/Home/jre/lib/libzip.dylib
0x0000000112ce3000 	/System/Library/Frameworks/JavaVM.framework/Frameworks/JavaRuntimeSupport.framework/JavaRuntimeSupport
0x0000000112cfd000 	/System/Library/Frameworks/JavaVM.framework/Versions/A/Frameworks/JavaNativeFoundation.framework/Versions/A/JavaNativeFoundation
0x000000010abf2000 	/System/Library/Frameworks/JavaVM.framework/Versions/A/JavaVM
0x000000000098d000 	/System/Library/Frameworks/Carbon.framework/Versions/A/Carbon
0x0000000112d12000 	/System/Library/PrivateFrameworks/JavaLaunching.framework/Versions/A/JavaLaunching
0x000000000098d000 	/System/Library/Frameworks/Carbon.framework/Versions/A/Frameworks/CommonPanels.framework/Versions/A/CommonPanels
0x000000000098d000 	/System/Library/Frameworks/Carbon.framework/Versions/A/Frameworks/Help.framework/Versions/A/Help
0x000000000098d000 	/System/Library/Frameworks/Carbon.framework/Versions/A/Frameworks/ImageCapture.framework/Versions/A/ImageCapture
0x000000000098d000 	/System/Library/Frameworks/Carbon.framework/Versions/A/Frameworks/OpenScripting.framework/Versions/A/OpenScripting
0x000000000098d000 	/System/Library/Frameworks/Carbon.framework/Versions/A/Frameworks/Print.framework/Versions/A/Print
0x000000000098d000 	/System/Library/Frameworks/Carbon.framework/Versions/A/Frameworks/SecurityHI.framework/Versions/A/SecurityHI
0x0000000114a10000 	/Library/Java/JavaVirtualMachines/jdk1.8.0_144.jdk/Contents/Home/jre/lib/libmanagement.dylib
0x0000000114c5c000 	/Library/Java/JavaVirtualMachines/jdk1.8.0_144.jdk/Contents/Home/jre/lib/libnet.dylib
0x0000000114f9f000 	/Library/Java/JavaVirtualMachines/jdk1.8.0_144.jdk/Contents/Home/jre/lib/libnio.dylib
0x0000000114fd5000 	/Library/Java/JavaVirtualMachines/jdk1.8.0_144.jdk/Contents/Home/jre/lib/libawt.dylib
0x000000011507d000 	/Library/Java/JavaVirtualMachines/jdk1.8.0_144.jdk/Contents/Home/jre/lib/./libmlib_image.dylib
0x0000000115149000 	/Library/Java/JavaVirtualMachines/jdk1.8.0_144.jdk/Contents/Home/jre/lib/libawt_lwawt.dylib
0x0000000115200000 	/Library/Java/JavaVirtualMachines/jdk1.8.0_144.jdk/Contents/Home/jre/lib/./libosxapp.dylib
0x000000000098d000 	/System/Library/Frameworks/ExceptionHandling.framework/Versions/A/ExceptionHandling
0x000000000098d000 	/System/Library/PrivateFrameworks/CoreServicesInternal.framework/Versions/A/CoreServicesInternal
0x000000000098d000 	/System/Library/CoreServices/RawCamera.bundle/Contents/MacOS/RawCamera
0x000000000098d000 	/System/Library/Frameworks/Accelerate.framework/Versions/A/Frameworks/vImage.framework/Versions/A/Libraries/libCGInterfaces.dylib
0x000000000098d000 	/System/Library/Frameworks/ApplicationServices.framework/Versions/A/Frameworks/ATS.framework/Versions/A/Resources/libTrueTypeScaler.dylib
0x0000000116c7a000 	/System/Library/Frameworks/OpenGL.framework/Resources/GLEngine.bundle/GLEngine
0x000000000098d000 	/System/Library/Frameworks/OpenGL.framework/Versions/A/Libraries/libGLProgrammability.dylib
0x0000000116e5f000 	/System/Library/Extensions/AppleIntelBDWGraphicsGLDriver.bundle/Contents/MacOS/AppleIntelBDWGraphicsGLDriver
0x000000000098d000 	/System/Library/PrivateFrameworks/GPUSupport.framework/Versions/A/Libraries/libGPUSupportMercury.dylib
0x00000001175c9000 	/System/Library/Frameworks/OpenGL.framework/Resources//GLRendererFloat.bundle/GLRendererFloat
0x000000000098d000 	/System/Library/Frameworks/OpenCL.framework/Versions/A/Libraries/libcldcpuengine.dylib
0x000000000098d000 	/usr/lib/libcrypto.0.9.8.dylib
0x000000000098d000 	/System/Library/PrivateFrameworks/TrustEvaluationAgent.framework/Versions/A/TrustEvaluationAgent
0x00000001175fd000 	/System/Library/Extensions/AppleIntelBDWGraphicsMTLDriver.bundle/Contents/MacOS/AppleIntelBDWGraphicsMTLDriver
0x000000000098d000 	/System/Library/PrivateFrameworks/FamilyControls.framework/Versions/A/FamilyControls
0x000000000098d000 	/System/Library/PrivateFrameworks/CommerceKit.framework/Versions/A/Frameworks/CommerceCore.framework/Versions/A/CommerceCore
0x000000000098d000 	/System/Library/PrivateFrameworks/SystemAdministration.framework/Versions/A/SystemAdministration
0x000000000098d000 	/System/Library/PrivateFrameworks/AppContainer.framework/Versions/A/AppContainer
0x000000000098d000 	/System/Library/PrivateFrameworks/SecCodeWrapper.framework/Versions/A/SecCodeWrapper
0x000000000098d000 	/System/Library/Frameworks/DirectoryService.framework/Versions/A/DirectoryService
0x000000000098d000 	/System/Library/PrivateFrameworks/DiskImages.framework/Versions/A/DiskImages
0x000000000098d000 	/System/Library/PrivateFrameworks/LoginUIKit.framework/Versions/A/Frameworks/LoginUICore.framework/Versions/A/LoginUICore
0x000000000098d000 	/usr/lib/libCoreStorage.dylib
0x000000000098d000 	/usr/lib/libcsfde.dylib
0x000000000098d000 	/usr/lib/libodfde.dylib
0x000000000098d000 	/System/Library/Frameworks/DiscRecording.framework/Versions/A/DiscRecording
0x000000000098d000 	/usr/lib/libcurl.4.dylib
0x000000000098d000 	/System/Library/PrivateFrameworks/MediaKit.framework/Versions/A/MediaKit
0x000000000098d000 	/System/Library/PrivateFrameworks/ProtectedCloudStorage.framework/Versions/A/ProtectedCloudStorage
0x000000000098d000 	/System/Library/PrivateFrameworks/EFILogin.framework/Versions/A/EFILogin
0x000000000098d000 	/usr/lib/libutil.dylib
0x000000000098d000 	/System/Library/Frameworks/LDAP.framework/Versions/A/LDAP
0x000000000098d000 	/usr/lib/libsasl2.2.dylib
0x000000000098d000 	/System/Library/PrivateFrameworks/CoreDaemon.framework/Versions/B/CoreDaemon
0x000000000098d000 	/System/Library/PrivateFrameworks/AppleSRP.framework/Versions/A/AppleSRP
0x000000000098d000 	/System/Library/PrivateFrameworks/APFS.framework/Versions/A/APFS
0x000000012891a000 	/Library/Java/JavaVirtualMachines/jdk1.8.0_144.jdk/Contents/Home/jre/lib/libfontmanager.dylib
0x000000011940d000 	/Library/Java/JavaVirtualMachines/jdk1.8.0_144.jdk/Contents/Home/jre/lib/libosxui.dylib
0x000000000098d000 	/System/Library/PrivateFrameworks/ViewBridge.framework/Versions/A/ViewBridge
0x000000000098d000 	/System/Library/PrivateFrameworks/XPCService.framework/Versions/A/XPCService
0x000000000098d000 	/System/Library/PrivateFrameworks/AppSandbox.framework/Versions/A/AppSandbox
0x000000000098d000 	/usr/lib/libsandbox.1.dylib
0x000000000098d000 	/usr/lib/libMatch.1.dylib
0x0000000156e76000 	/Library/Java/JavaVirtualMachines/jdk1.8.0_144.jdk/Contents/Home/jre/lib/libosx.dylib
0x000000000098d000 	/System/Library/PrivateFrameworks/CloudDocs.framework/Versions/A/CloudDocs
0x000000000098d000 	/System/Library/Frameworks/CloudKit.framework/Versions/A/CloudKit
0x000000000098d000 	/System/Library/PrivateFrameworks/MMCS.framework/Versions/A/MMCS
0x000000000098d000 	/System/Library/Frameworks/CoreLocation.framework/Versions/A/CoreLocation
0x000000000098d000 	/System/Library/PrivateFrameworks/AssetCacheServices.framework/Versions/A/AssetCacheServices
0x000000000098d000 	/System/Library/PrivateFrameworks/GeoServices.framework/Versions/A/GeoServices
0x0000000117d65000 	/Library/Java/JavaVirtualMachines/jdk1.8.0_144.jdk/Contents/Home/jre/lib/libdcpr.dylib
0x00000001296b1000 	/Library/Java/JavaVirtualMachines/jdk1.8.0_144.jdk/Contents/Home/jre/lib/libsunec.dylib
0x0000000116bf5000 	/System/Library/Frameworks/ApplicationServices.framework/Frameworks/ATS.framework/Resources/libFontRegistryUI.dylib

VM Arguments:
jvm_args: -Dapple.laf.useScreenMenuBar=true -Dapple.eawt.quitStrategy=CLOSE_ALL_WINDOWS 
java_command: ./ApacheJMeter.jar
java_class_path (initial): ./ApacheJMeter.jar
Launcher Type: SUN_STANDARD

Environment Variables:
PATH=/Library/Frameworks/Python.framework/Versions/3.6/bin:/Library/Frameworks/Python.framework/Versions/3.6/bin:/usr/local/bin:/usr/bin:/bin:/usr/sbin:/sbin:/Library/Frameworks/Mono.framework/Versions/Current/Commands
SHELL=/bin/bash

Signal Handlers:
SIGSEGV: [libjvm.dylib+0x5b26e5], sa_mask[0]=11111111011111110111111111111111, sa_flags=SA_ONSTACK|SA_RESTART|SA_SIGINFO
SIGBUS: [libjvm.dylib+0x5b26e5], sa_mask[0]=11111111011111110111111111111111, sa_flags=SA_RESTART|SA_SIGINFO
SIGFPE: [libjvm.dylib+0x489100], sa_mask[0]=11111111011111110111111111111111, sa_flags=SA_RESTART|SA_SIGINFO
SIGPIPE: [libjvm.dylib+0x489100], sa_mask[0]=11111111011111110111111111111111, sa_flags=SA_RESTART|SA_SIGINFO
SIGXFSZ: [libjvm.dylib+0x489100], sa_mask[0]=11111111011111110111111111111111, sa_flags=SA_RESTART|SA_SIGINFO
SIGILL: [libjvm.dylib+0x489100], sa_mask[0]=11111111011111110111111111111111, sa_flags=SA_RESTART|SA_SIGINFO
SIGUSR1: SIG_DFL, sa_mask[0]=11011111011111100000000111000110, sa_flags=none
SIGUSR2: [libjvm.dylib+0x488c1e], sa_mask[0]=00000000000000000000000000000000, sa_flags=SA_RESTART|SA_SIGINFO
SIGHUP: [libjvm.dylib+0x4871f5], sa_mask[0]=11111111011111110111111111111111, sa_flags=SA_RESTART|SA_SIGINFO
SIGINT: [libjvm.dylib+0x4871f5], sa_mask[0]=11111111011111110111111111111111, sa_flags=SA_RESTART|SA_SIGINFO
SIGTERM: [libjvm.dylib+0x4871f5], sa_mask[0]=11111111011111110111111111111111, sa_flags=SA_RESTART|SA_SIGINFO
SIGQUIT: [libjvm.dylib+0x4871f5], sa_mask[0]=11111111011111110111111111111111, sa_flags=SA_RESTART|SA_SIGINFO


---------------  S Y S T E M  ---------------

OS:Bsduname:Darwin 16.7.0 Darwin Kernel Version 16.7.0: Thu Jun 15 17:36:27 PDT 2017; root:xnu-3789.70.16~2/RELEASE_X86_64 x86_64
rlimit: STACK 8192k, CORE 0k, NPROC 709, NOFILE 10240, AS infinity
load average:2.76 9.01 7.85

CPU:total 4 (initial active 4) (2 cores per cpu, 2 threads per core) family 6 model 61 stepping 4, cmov, cx8, fxsr, mmx, sse, sse2, sse3, ssse3, sse4.1, sse4.2, popcnt, avx, avx2, aes, clmul, erms, 3dnowpref, lzcnt, ht, tsc, tscinvbit, bmi1, bmi2, adx

Memory: 4k page, physical 8388608k(411156k free)

/proc/meminfo:


vm_info: Java HotSpot(TM) 64-Bit Server VM (25.144-b01) for bsd-amd64 JRE (1.8.0_144-b01), built on Jul 21 2017 22:07:42 by "java_re" with gcc 4.2.1 (Based on Apple Inc. build 5658) (LLVM build 2336.11.00)

time: Tue Aug 29 08:13:37 2017
elapsed time: 1980 seconds (0d 0h 33m 0s)

