#
# A fatal error has been detected by the Java Runtime Environment:
#
#  SIGSEGV (0xb) at pc=0x000000011bd7a45f, pid=19336, tid=0x000000000000d707
#
# JRE version: Java(TM) SE Runtime Environment (8.0_144-b01) (build 1.8.0_144-b01)
# Java VM: Java HotSpot(TM) 64-Bit Server VM (25.144-b01 mixed mode bsd-amd64 compressed oops)
# Problematic frame:
# C  [libawt_lwawt.dylib+0x1c45f]  OGLSD_SetScratchSurface+0x49
#
# Failed to write core dump. Core dumps have been disabled. To enable core dumping, try "ulimit -c unlimited" before starting Java again
#
# If you would like to submit a bug report, please visit:
#   http://bugreport.java.com/bugreport/crash.jsp
# The crash happened outside the Java Virtual Machine in native code.
# See problematic frame for where to report the bug.
#

---------------  T H R E A D  ---------------

Current thread (0x00007fb05f3f8000):  JavaThread "Java2D Queue Flusher" daemon [_thread_in_native, id=55047, stack(0x00007000051f7000,0x00007000052f7000)]

siginfo: si_signo: 11 (SIGSEGV), si_code: 1 (SEGV_MAPERR), si_addr: 0x0000000000000002

Registers:
RAX=0x00000000ffffffff, RBX=0x0000000000000002, RCX=0x0000000000000047, RDX=0x000000011bd9b258
RSP=0x00007000052f6770, RBP=0x00007000052f6790, RSI=0x00007fb064764c40, RDI=0x00007fb05f3f81f8
R8 =0x00007fb05ece1340, R9 =0x00000000000b8509, R10=0x000000010a462038, R11=0x00000000e804dd06
R12=0x0000000000000000, R13=0x000000010c56292c, R14=0x00007fb05f3f81f8, R15=0x00007fb05f3f8000
RIP=0x000000011bd7a45f, EFLAGS=0x0000000000010202, ERR=0x0000000000000004
  TRAPNO=0x000000000000000e

Top of Stack: (sp=0x00007000052f6770)
0x00007000052f6770:   00007fb064764c40 0000000000000000
0x00007000052f6780:   00007fb060a17810 00007fb05f3f8000
0x00007000052f6790:   00007000052f6810 000000011bd9ad36
0x00007000052f67a0:   00007000052f67d0 0000000103538a00
0x00007000052f67b0:   0000000000000064 0000000000000000
0x00007000052f67c0:   0000000000000064 00007fb05ece0b28
0x00007000052f67d0:   00007000052f6830 00007fb060a17820
0x00007000052f67e0:   0000000000000005 00007fb05f3f81f8
0x00007000052f67f0:   000000074026e818 0000000000000000
0x00007000052f6800:   00007000052f6888 00007fb05f3f8000
0x00007000052f6810:   00007000052f6860 000000010a4620aa
0x00007000052f6820:   000000074026e818 00007fb05f3f8000
0x00007000052f6830:   00007000052f6880 000000010a6cf268
0x00007000052f6840:   00000007401ea620 00000007401d61c8
0x00007000052f6850:   00007000052f6880 00007000052f6880
0x00007000052f6860:   000000074026e818 000000010bb63710
0x00007000052f6870:   00000007401ea620 000000011bb53d10
0x00007000052f6880:   00007000052f69d0 000000010c562824
0x00007000052f6890:   0000000000000041 000000011bb53d10
0x00007000052f68a0:   0000000000000000 0000000100000000
0x00007000052f68b0:   00000000000000dc 0000000000000000
0x00007000052f68c0:   00007000052f6960 00007fb05f3f8000
0x00007000052f68d0:   00007000052f6938 000000010a232b9a
0x00007000052f68e0:   000000010a232b58 0000000100000000
0x00007000052f68f0:   00000007401ea620 00000007401ea620
0x00007000052f6900:   0000000100000000 00007000052f6960
0x00007000052f6910:   000000011bb54468 000000015a985928
0x00007000052f6920:   0000000000000001 00000007401ea620
0x00007000052f6930:   00007000052f6960 00007000052f69d0
0x00007000052f6940:   000000010a2127a7 0000000000000000
0x00007000052f6950:   00007000052f69d0 000000010a2127a7
0x00007000052f6960:   00000007401ea620 00000007401f36e0 

Instructions: (pc=0x000000011bd7a45f)
0x000000011bd7a43f:   c0 e9 82 00 00 00 48 8b 5e 10 48 85 db 75 0e bf
0x000000011bd7a44f:   01 00 00 00 48 8d 15 67 7b 03 00 eb d6 49 89 fe
0x000000011bd7a45f:   4c 8b 3b 30 c0 e8 21 a6 02 00 49 8b 3f 49 89 c4
0x000000011bd7a46f:   48 8b 35 aa 02 06 00 30 c0 e8 51 a7 02 00 48 85 

Register to memory mapping:

RAX=0x00000000ffffffff is an unknown value
RBX=0x0000000000000002 is an unknown value
RCX=0x0000000000000047 is an unknown value
RDX=0x000000011bd9b258: Java_sun_java2d_opengl_OGLRenderQueue_flushBuffer+0xb5c in /Library/Internet Plug-Ins/JavaAppletPlugin.plugin/Contents/Home/lib/libawt_lwawt.dylib at 0x000000011bd5e000
RSP=0x00007000052f6770 is pointing into the stack for thread: 0x00007fb05f3f8000
RBP=0x00007000052f6790 is pointing into the stack for thread: 0x00007fb05f3f8000
RSI=0x00007fb064764c40 is an unknown value
RDI=0x00007fb05f3f81f8 is an unknown value
R8 =0x00007fb05ece1340 is an unknown value
R9 =0x00000000000b8509 is an unknown value
R10=0x000000010a462038 is at entry_point+56 in (nmethod*)0x000000010a461e90
R11=0x00000000e804dd06 is an unknown value
R12=0x0000000000000000 is an unknown value
R13=0x000000010c56292c is at entry_point+2764 in (nmethod*)0x000000010c561ad0
R14=0x00007fb05f3f81f8 is an unknown value
R15=0x00007fb05f3f8000 is a thread


Stack: [0x00007000051f7000,0x00007000052f7000],  sp=0x00007000052f6770,  free space=1021k
Native frames: (J=compiled Java code, j=interpreted, Vv=VM code, C=native code)
C  [libawt_lwawt.dylib+0x1c45f]  OGLSD_SetScratchSurface+0x49
C  [libawt_lwawt.dylib+0x3cd36]  Java_sun_java2d_opengl_OGLRenderQueue_flushBuffer+0x63a
J 3879  sun.java2d.opengl.OGLRenderQueue.flushBuffer(JI)V (0 bytes) @ 0x000000010a4620aa [0x000000010a462000+0xaa]
J 9116 C2 sun.java2d.opengl.OGLRenderQueue.flushBuffer()V (41 bytes) @ 0x000000010bb63710 [0x000000010bb636c0+0x50]
J 12426% C1 sun.java2d.opengl.OGLRenderQueue$QueueFlusher.run()V (234 bytes) @ 0x000000010c562824 [0x000000010c561e60+0x9c4]
v  ~StubRoutines::call_stub
V  [libjvm.dylib+0x2ee70a]
V  [libjvm.dylib+0x2eeeae]
V  [libjvm.dylib+0x2ef05a]
V  [libjvm.dylib+0x3497b1]
V  [libjvm.dylib+0x56c0b3]
V  [libjvm.dylib+0x56d7a0]
V  [libjvm.dylib+0x48baee]
C  [libsystem_pthread.dylib+0x393b]  _pthread_body+0xb4
C  [libsystem_pthread.dylib+0x3887]  _pthread_body+0x0
C  [libsystem_pthread.dylib+0x308d]  thread_start+0xd
C  0x0000000000000000

Java frames: (J=compiled Java code, j=interpreted, Vv=VM code)
J 3879  sun.java2d.opengl.OGLRenderQueue.flushBuffer(JI)V (0 bytes) @ 0x000000010a462038 [0x000000010a462000+0x38]
J 9116 C2 sun.java2d.opengl.OGLRenderQueue.flushBuffer()V (41 bytes) @ 0x000000010bb63710 [0x000000010bb636c0+0x50]
J 12426% C1 sun.java2d.opengl.OGLRenderQueue$QueueFlusher.run()V (234 bytes) @ 0x000000010c562824 [0x000000010c561e60+0x9c4]
v  ~StubRoutines::call_stub

---------------  P R O C E S S  ---------------

Java Threads: ( => current thread )
  0x00007fb060d0f000 JavaThread "NanoOffset" daemon [_thread_blocked, id=71515, stack(0x00007000058b7000,0x00007000059b7000)]
  0x00007fb05f90f000 JavaThread "DestroyJavaVM" [_thread_blocked, id=7171, stack(0x00007000041c4000,0x00007000042c4000)]
  0x00007fb05fcb0000 JavaThread "TimerQueue" daemon [_thread_blocked, id=66571, stack(0x0000700005789000,0x0000700005889000)]
  0x00007fb06019b800 JavaThread "Timer-0" daemon [_thread_blocked, id=66267, stack(0x0000700005686000,0x0000700005786000)]
  0x00007fb05fcfb000 JavaThread "AWT-EventQueue-0" [_thread_blocked, id=64519, stack(0x0000700005583000,0x0000700005683000)]
  0x00007fb060181000 JavaThread "Java2D Disposer" daemon [_thread_blocked, id=57103, stack(0x00007000052fa000,0x00007000053fa000)]
=>0x00007fb05f3f8000 JavaThread "Java2D Queue Flusher" daemon [_thread_in_native, id=55047, stack(0x00007000051f7000,0x00007000052f7000)]
  0x00007fb060155800 JavaThread "AWT-Shutdown" [_thread_blocked, id=30495, stack(0x0000700005071000,0x0000700005171000)]
  0x00007fb05f3bc800 JavaThread "AppKit Thread" daemon [_thread_in_native, id=775, stack(0x00007fff5cd9f000,0x00007fff5d59f000)]
  0x00007fb060827000 JavaThread "Service Thread" daemon [_thread_blocked, id=18691, stack(0x0000700004de8000,0x0000700004ee8000)]
  0x00007fb05f843800 JavaThread "C1 CompilerThread2" daemon [_thread_blocked, id=18179, stack(0x0000700004ce5000,0x0000700004de5000)]
  0x00007fb060001000 JavaThread "C2 CompilerThread1" daemon [_thread_blocked, id=17667, stack(0x0000700004be2000,0x0000700004ce2000)]
  0x00007fb05f842800 JavaThread "C2 CompilerThread0" daemon [_thread_blocked, id=17155, stack(0x0000700004adf000,0x0000700004bdf000)]
  0x00007fb05f850800 JavaThread "Signal Dispatcher" daemon [_thread_blocked, id=16643, stack(0x00007000049dc000,0x0000700004adc000)]
  0x00007fb05f044000 JavaThread "Finalizer" daemon [_thread_blocked, id=12547, stack(0x00007000048d9000,0x00007000049d9000)]
  0x00007fb05f041800 JavaThread "Reference Handler" daemon [_thread_blocked, id=12035, stack(0x00007000047d6000,0x00007000048d6000)]

Other Threads:
  0x00007fb05f03c800 VMThread [stack: 0x00007000046d3000,0x00007000047d3000] [id=11523]
  0x00007fb05f851800 WatcherThread [stack: 0x0000700004eeb000,0x0000700004feb000] [id=19203]

VM state:not at safepoint (normal execution)

VM Mutex/Monitor currently owned by a thread: None

Heap:
 PSYoungGen      total 70656K, used 13700K [0x0000000795580000, 0x000000079af00000, 0x00000007c0000000)
  eden space 50688K, 1% used [0x0000000795580000,0x0000000795656d70,0x0000000798700000)
  from space 19968K, 64% used [0x0000000799b00000,0x000000079a78a480,0x000000079ae80000)
  to   space 20480K, 0% used [0x0000000798700000,0x0000000798700000,0x0000000799b00000)
 ParOldGen       total 132608K, used 63197K [0x0000000740000000, 0x0000000748180000, 0x0000000795580000)
  object space 132608K, 47% used [0x0000000740000000,0x0000000743db75c8,0x0000000748180000)
 Metaspace       used 51884K, capacity 53110K, committed 53680K, reserved 1095680K
  class space    used 6823K, capacity 7127K, committed 7344K, reserved 1048576K

Card table byte_map: [0x0000000104367000,0x0000000104768000] byte_map_base: 0x0000000100967000

Marking Bits: (ParMarkBitMap*) 0x00000001038f35d0
 Begin Bits: [0x0000000104a13000, 0x0000000106a13000)
 End Bits:   [0x0000000106a13000, 0x0000000108a13000)

Polling page: 0x0000000102753000

CodeCache: size=245760Kb used=36624Kb max_used=36632Kb free=209135Kb
 bounds [0x000000010a212000, 0x000000010c622000, 0x0000000119212000]
 total_blobs=10982 nmethods=9965 adapters=925
 compilation: enabled

Compilation events (10 events):
Event: 14060.228 Thread 0x00007fb05f843800 12513       3       sun.java2d.pipe.BufferedContext::resetClip (19 bytes)
Event: 14060.229 Thread 0x00007fb05f843800 nmethod 12513 0x000000010c5ab350 code [0x000000010c5ab4e0, 0x000000010c5aba28]
Event: 14060.263 Thread 0x00007fb05f843800 12514       3       sun.awt.image.VolatileSurfaceManager::displayChanged (55 bytes)
Event: 14060.264 Thread 0x00007fb05f843800 nmethod 12514 0x000000010c5dde50 code [0x000000010c5de000, 0x000000010c5de708]
Event: 14060.264 Thread 0x00007fb05f843800 12515       3       sun.awt.image.SunVolatileImage::updateGraphicsConfig (25 bytes)
Event: 14060.266 Thread 0x00007fb05f843800 nmethod 12515 0x000000010c5dd7d0 code [0x000000010c5dd940, 0x000000010c5ddcb0]
Event: 14060.274 Thread 0x00007fb05f843800 12516       3       javax.swing.text.BoxView::paint (249 bytes)
Event: 14060.276 Thread 0x00007fb05f843800 nmethod 12516 0x000000010c612e90 code [0x000000010c6130c0, 0x000000010c614278]
Event: 14060.282 Thread 0x00007fb05f842800 12517   !   4       sun.java2d.SunGraphics2D::hitClip (269 bytes)
Event: 14060.308 Thread 0x00007fb05f842800 nmethod 12517 0x000000010c6199d0 code [0x000000010c619c60, 0x000000010c61af58]

GC Heap History (10 events):
Event: 6632.714 GC heap before
{Heap before GC invocations=176 (full 24):
 PSYoungGen      total 58368K, used 53248K [0x0000000795580000, 0x000000079a480000, 0x00000007c0000000)
  eden space 53248K, 100% used [0x0000000795580000,0x0000000798980000,0x0000000798980000)
  from space 5120K, 0% used [0x0000000798980000,0x0000000798980000,0x0000000798e80000)
  to   space 13824K, 0% used [0x0000000799700000,0x0000000799700000,0x000000079a480000)
 ParOldGen       total 132608K, used 47792K [0x0000000740000000, 0x0000000748180000, 0x0000000795580000)
  object space 132608K, 36% used [0x0000000740000000,0x0000000742eac2c8,0x0000000748180000)
 Metaspace       used 51788K, capacity 53032K, committed 53424K, reserved 1095680K
  class space    used 6817K, capacity 7126K, committed 7344K, reserved 1048576K
Event: 6632.718 GC heap after
Heap after GC invocations=176 (full 24):
 PSYoungGen      total 67072K, used 7986K [0x0000000795580000, 0x000000079a600000, 0x00000007c0000000)
  eden space 53248K, 0% used [0x0000000795580000,0x0000000795580000,0x0000000798980000)
  from space 13824K, 57% used [0x0000000799700000,0x0000000799ecc820,0x000000079a480000)
  to   space 13824K, 0% used [0x0000000798980000,0x0000000798980000,0x0000000799700000)
 ParOldGen       total 132608K, used 47800K [0x0000000740000000, 0x0000000748180000, 0x0000000795580000)
  object space 132608K, 36% used [0x0000000740000000,0x0000000742eae2c8,0x0000000748180000)
 Metaspace       used 51788K, capacity 53032K, committed 53424K, reserved 1095680K
  class space    used 6817K, capacity 7126K, committed 7344K, reserved 1048576K
}
Event: 10805.949 GC heap before
{Heap before GC invocations=177 (full 24):
 PSYoungGen      total 67072K, used 61234K [0x0000000795580000, 0x000000079a600000, 0x00000007c0000000)
  eden space 53248K, 100% used [0x0000000795580000,0x0000000798980000,0x0000000798980000)
  from space 13824K, 57% used [0x0000000799700000,0x0000000799ecc820,0x000000079a480000)
  to   space 13824K, 0% used [0x0000000798980000,0x0000000798980000,0x0000000799700000)
 ParOldGen       total 132608K, used 47800K [0x0000000740000000, 0x0000000748180000, 0x0000000795580000)
  object space 132608K, 36% used [0x0000000740000000,0x0000000742eae2c8,0x0000000748180000)
 Metaspace       used 51804K, capacity 53038K, committed 53424K, reserved 1095680K
  class space    used 6818K, capacity 7127K, committed 7344K, reserved 1048576K
Event: 10805.956 GC heap after
Heap after GC invocations=177 (full 24):
 PSYoungGen      total 60928K, used 7893K [0x0000000795580000, 0x000000079a300000, 0x00000007c0000000)
  eden space 52736K, 0% used [0x0000000795580000,0x0000000795580000,0x0000000798900000)
  from space 8192K, 96% used [0x0000000798980000,0x0000000799135498,0x0000000799180000)
  to   space 13312K, 0% used [0x0000000799600000,0x0000000799600000,0x000000079a300000)
 ParOldGen       total 132608K, used 47808K [0x0000000740000000, 0x0000000748180000, 0x0000000795580000)
  object space 132608K, 36% used [0x0000000740000000,0x0000000742eb02c8,0x0000000748180000)
 Metaspace       used 51804K, capacity 53038K, committed 53424K, reserved 1095680K
  class space    used 6818K, capacity 7127K, committed 7344K, reserved 1048576K
}
Event: 12490.686 GC heap before
{Heap before GC invocations=178 (full 24):
 PSYoungGen      total 60928K, used 59406K [0x0000000795580000, 0x000000079a300000, 0x00000007c0000000)
  eden space 52736K, 97% used [0x0000000795580000,0x00000007987ce450,0x0000000798900000)
  from space 8192K, 96% used [0x0000000798980000,0x0000000799135498,0x0000000799180000)
  to   space 13312K, 0% used [0x0000000799600000,0x0000000799600000,0x000000079a300000)
 ParOldGen       total 132608K, used 47808K [0x0000000740000000, 0x0000000748180000, 0x0000000795580000)
  object space 132608K, 36% used [0x0000000740000000,0x0000000742eb02c8,0x0000000748180000)
 Metaspace       used 51851K, capacity 53102K, committed 53424K, reserved 1095680K
  class space    used 6823K, capacity 7127K, committed 7344K, reserved 1048576K
Event: 12490.708 GC heap after
Heap after GC invocations=178 (full 24):
 PSYoungGen      total 65024K, used 10565K [0x0000000795580000, 0x000000079a480000, 0x00000007c0000000)
  eden space 51712K, 0% used [0x0000000795580000,0x0000000795580000,0x0000000798800000)
  from space 13312K, 79% used [0x0000000799600000,0x000000079a051570,0x000000079a300000)
  to   space 14336K, 0% used [0x0000000798800000,0x0000000798800000,0x0000000799600000)
 ParOldGen       total 132608K, used 53710K [0x0000000740000000, 0x0000000748180000, 0x0000000795580000)
  object space 132608K, 40% used [0x0000000740000000,0x00000007434738a8,0x0000000748180000)
 Metaspace       used 51851K, capacity 53102K, committed 53424K, reserved 1095680K
  class space    used 6823K, capacity 7127K, committed 7344K, reserved 1048576K
}
Event: 13901.923 GC heap before
{Heap before GC invocations=179 (full 24):
 PSYoungGen      total 65024K, used 59417K [0x0000000795580000, 0x000000079a480000, 0x00000007c0000000)
  eden space 51712K, 94% used [0x0000000795580000,0x0000000798535150,0x0000000798800000)
  from space 13312K, 79% used [0x0000000799600000,0x000000079a051570,0x000000079a300000)
  to   space 14336K, 0% used [0x0000000798800000,0x0000000798800000,0x0000000799600000)
 ParOldGen       total 132608K, used 53710K [0x0000000740000000, 0x0000000748180000, 0x0000000795580000)
  object space 132608K, 40% used [0x0000000740000000,0x00000007434738a8,0x0000000748180000)
 Metaspace       used 51875K, capacity 53110K, committed 53680K, reserved 1095680K
  class space    used 6823K, capacity 7127K, committed 7344K, reserved 1048576K
Event: 13901.944 GC heap after
Heap after GC invocations=179 (full 24):
 PSYoungGen      total 65536K, used 14335K [0x0000000795580000, 0x000000079ae80000, 0x00000007c0000000)
  eden space 51200K, 0% used [0x0000000795580000,0x0000000795580000,0x0000000798780000)
  from space 14336K, 99% used [0x0000000798800000,0x00000007995ffd70,0x0000000799600000)
  to   space 19968K, 0% used [0x0000000799b00000,0x0000000799b00000,0x000000079ae80000)
 ParOldGen       total 132608K, used 63189K [0x0000000740000000, 0x0000000748180000, 0x0000000795580000)
  object space 132608K, 47% used [0x0000000740000000,0x0000000743db55c8,0x0000000748180000)
 Metaspace       used 51875K, capacity 53110K, committed 53680K, reserved 1095680K
  class space    used 6823K, capacity 7127K, committed 7344K, reserved 1048576K
}
Event: 16573.428 GC heap before
{Heap before GC invocations=180 (full 24):
 PSYoungGen      total 65536K, used 65535K [0x0000000795580000, 0x000000079ae80000, 0x00000007c0000000)
  eden space 51200K, 100% used [0x0000000795580000,0x0000000798780000,0x0000000798780000)
  from space 14336K, 99% used [0x0000000798800000,0x00000007995ffd70,0x0000000799600000)
  to   space 19968K, 0% used [0x0000000799b00000,0x0000000799b00000,0x000000079ae80000)
 ParOldGen       total 132608K, used 63189K [0x0000000740000000, 0x0000000748180000, 0x0000000795580000)
  object space 132608K, 47% used [0x0000000740000000,0x0000000743db55c8,0x0000000748180000)
 Metaspace       used 51884K, capacity 53110K, committed 53680K, reserved 1095680K
  class space    used 6823K, capacity 7127K, committed 7344K, reserved 1048576K
Event: 16573.434 GC heap after
Heap after GC invocations=180 (full 24):
 PSYoungGen      total 70656K, used 12841K [0x0000000795580000, 0x000000079af00000, 0x00000007c0000000)
  eden space 50688K, 0% used [0x0000000795580000,0x0000000795580000,0x0000000798700000)
  from space 19968K, 64% used [0x0000000799b00000,0x000000079a78a480,0x000000079ae80000)
  to   space 20480K, 0% used [0x0000000798700000,0x0000000798700000,0x0000000799b00000)
 ParOldGen       total 132608K, used 63197K [0x0000000740000000, 0x0000000748180000, 0x0000000795580000)
  object space 132608K, 47% used [0x0000000740000000,0x0000000743db75c8,0x0000000748180000)
 Metaspace       used 51884K, capacity 53110K, committed 53680K, reserved 1095680K
  class space    used 6823K, capacity 7127K, committed 7344K, reserved 1048576K
}

Deoptimization events (10 events):
Event: 13823.785 Thread 0x00007fb05fcfb000 Uncommon trap: reason=unstable_if action=reinterpret pc=0x000000010a809298 method=sun.font.GlyphList.getInstance()Lsun/font/GlyphList; @ 3
Event: 13823.785 Thread 0x00007fb05fcfb000 Uncommon trap: reason=unstable_if action=reinterpret pc=0x000000010c39fe88 method=sun.font.GlyphList.ensureCapacity(I)V @ 41
Event: 13823.786 Thread 0x00007fb05fcfb000 Uncommon trap: reason=unstable_if action=reinterpret pc=0x000000010aacbd98 method=sun.font.GlyphList.ensureCapacity(I)V @ 41
Event: 13823.786 Thread 0x00007fb05fcfb000 Uncommon trap: reason=unstable_if action=reinterpret pc=0x000000010c503efc method=sun.font.GlyphList.ensureCapacity(I)V @ 41
Event: 13824.011 Thread 0x00007fb05fcfb000 Uncommon trap: reason=unstable_if action=reinterpret pc=0x000000010c588238 method=sun.font.GlyphList.getInstance()Lsun/font/GlyphList; @ 3
Event: 13829.436 Thread 0x00007fb05fcfb000 Uncommon trap: reason=bimorphic action=maybe_recompile pc=0x000000010bdf2d70 method=sun.dc.DuctusRenderingEngine.feedConsumer(Ljava/awt/geom/PathIterator;Lsun/dc/path/PathConsumer;ZF)V @ 40
Event: 13897.188 Thread 0x00007fb05f3bc800 Uncommon trap: reason=bimorphic action=maybe_recompile pc=0x000000010bc3bab4 method=java.util.HashMap.removeNode(ILjava/lang/Object;Ljava/lang/Object;ZZ)Ljava/util/HashMap$Node; @ 68
Event: 13916.531 Thread 0x00007fb05f3bc800 Uncommon trap: reason=bimorphic action=maybe_recompile pc=0x000000010bc3bab4 method=java.util.HashMap.removeNode(ILjava/lang/Object;Ljava/lang/Object;ZZ)Ljava/util/HashMap$Node; @ 68
Event: 13919.571 Thread 0x00007fb05fcfb000 Uncommon trap: reason=unstable_if action=reinterpret pc=0x000000010beb19fc method=sun.java2d.SunGraphics2D.getCompClip()Lsun/java2d/pipe/Region; @ 7
Event: 13919.572 Thread 0x00007fb05fcfb000 Uncommon trap: reason=class_check action=maybe_recompile pc=0x000000010c5127f0 method=sun.java2d.SunGraphics2D.fillRect(IIII)V @ 41

Internal exceptions (10 events):
Event: 6512.901 Thread 0x00007fb067514800 Exception <a 'java/lang/ClassNotFoundException': Script18Customizer> (0x000000079660e980) thrown at [/Users/java_re/workspace/8-2-build-macosx-x86_64/jdk8u144/9417/hotspot/src/share/vm/classfile/systemDictionary.cpp, line 210]
Event: 6590.336 Thread 0x00007fb0697e9000 Exception <a 'java/lang/ClassNotFoundException': Script19BeanInfo> (0x00000007966b6678) thrown at [/Users/java_re/workspace/8-2-build-macosx-x86_64/jdk8u144/9417/hotspot/src/share/vm/classfile/systemDictionary.cpp, line 210]
Event: 6590.336 Thread 0x00007fb0697e9000 Exception <a 'java/lang/ClassNotFoundException': Script19Customizer> (0x00000007966c4320) thrown at [/Users/java_re/workspace/8-2-build-macosx-x86_64/jdk8u144/9417/hotspot/src/share/vm/classfile/systemDictionary.cpp, line 210]
Event: 6597.478 Thread 0x00007fb0697e9000 Exception <a 'java/net/SocketException': Socket closed> (0x000000079853c088) thrown at [/Users/java_re/workspace/8-2-build-macosx-x86_64/jdk8u144/9417/hotspot/src/share/vm/prims/jni.cpp, line 735]
Event: 6603.268 Thread 0x00007fb05f663000 Exception <a 'java/lang/ClassNotFoundException': Script20BeanInfo> (0x00000007958b48f0) thrown at [/Users/java_re/workspace/8-2-build-macosx-x86_64/jdk8u144/9417/hotspot/src/share/vm/classfile/systemDictionary.cpp, line 210]
Event: 6603.268 Thread 0x00007fb05f663000 Exception <a 'java/lang/ClassNotFoundException': Script20Customizer> (0x00000007958c2570) thrown at [/Users/java_re/workspace/8-2-build-macosx-x86_64/jdk8u144/9417/hotspot/src/share/vm/classfile/systemDictionary.cpp, line 210]
Event: 6606.896 Thread 0x00007fb05f663000 Exception <a 'java/net/SocketException': Socket closed> (0x0000000796862828) thrown at [/Users/java_re/workspace/8-2-build-macosx-x86_64/jdk8u144/9417/hotspot/src/share/vm/prims/jni.cpp, line 735]
Event: 12424.879 Thread 0x00007fb05f3bc800 Implicit null exception at 0x000000010b208cd9 to 0x000000010b20c0d5
Event: 12424.879 Thread 0x00007fb05f3bc800 Implicit null exception at 0x000000010a6d154c to 0x000000010a6d169d
Event: 12430.826 Thread 0x00007fb05fcfb000 Implicit null exception at 0x000000010b6697fe to 0x000000010b66bd0d

Events (10 events):
Event: 13916.531 Thread 0x00007fb05f3bc800 DEOPT PACKING pc=0x000000010bc3bab4 sp=0x00007fff5d59a7c0
Event: 13916.531 Thread 0x00007fb05f3bc800 DEOPT UNPACKING pc=0x000000010a217229 sp=0x00007fff5d59a718 mode 2
Event: 13919.571 Thread 0x00007fb05fcfb000 Uncommon trap: trap_request=0xffffff65 fr.pc=0x000000010beb19fc
Event: 13919.571 Thread 0x00007fb05fcfb000 DEOPT PACKING pc=0x000000010beb19fc sp=0x000070000567eee0
Event: 13919.571 Thread 0x00007fb05fcfb000 DEOPT UNPACKING pc=0x000000010a217229 sp=0x000070000567ed60 mode 2
Event: 13919.572 Thread 0x00007fb05fcfb000 Uncommon trap: trap_request=0xffffffde fr.pc=0x000000010c5127f0
Event: 13919.572 Thread 0x00007fb05fcfb000 DEOPT PACKING pc=0x000000010c5127f0 sp=0x000070000567f050
Event: 13919.572 Thread 0x00007fb05fcfb000 DEOPT UNPACKING pc=0x000000010a217229 sp=0x000070000567ef80 mode 2
Event: 16573.428 Executing VM operation: ParallelGCFailedAllocation
Event: 16573.434 Executing VM operation: ParallelGCFailedAllocation done


Dynamic libraries:
0x0000000044c6c000 	/System/Library/Frameworks/Cocoa.framework/Versions/A/Cocoa
0x0000000044c6c000 	/System/Library/Frameworks/Security.framework/Versions/A/Security
0x0000000044c6c000 	/System/Library/Frameworks/ApplicationServices.framework/Versions/A/ApplicationServices
0x0000000044c6c000 	/usr/lib/libz.1.dylib
0x0000000044c6c000 	/usr/lib/libSystem.B.dylib
0x0000000044c6c000 	/usr/lib/libobjc.A.dylib
0x0000000044c6c000 	/System/Library/Frameworks/CoreFoundation.framework/Versions/A/CoreFoundation
0x0000000044c6c000 	/System/Library/Frameworks/Foundation.framework/Versions/C/Foundation
0x0000000044c6c000 	/System/Library/Frameworks/AppKit.framework/Versions/C/AppKit
0x0000000044c6c000 	/System/Library/Frameworks/CoreData.framework/Versions/A/CoreData
0x0000000044c6c000 	/System/Library/PrivateFrameworks/RemoteViewServices.framework/Versions/A/RemoteViewServices
0x0000000044c6c000 	/System/Library/PrivateFrameworks/UIFoundation.framework/Versions/A/UIFoundation
0x0000000044c6c000 	/System/Library/PrivateFrameworks/DFRFoundation.framework/Versions/A/DFRFoundation
0x0000000044c6c000 	/usr/lib/libenergytrace.dylib
0x0000000044c6c000 	/System/Library/PrivateFrameworks/SkyLight.framework/Versions/A/SkyLight
0x0000000044c6c000 	/System/Library/Frameworks/CoreGraphics.framework/Versions/A/CoreGraphics
0x0000000044c6c000 	/usr/lib/libScreenReader.dylib
0x0000000044c6c000 	/System/Library/Frameworks/Accelerate.framework/Versions/A/Accelerate
0x0000000044c6c000 	/System/Library/Frameworks/IOSurface.framework/Versions/A/IOSurface
0x0000000044c6c000 	/System/Library/Frameworks/AudioToolbox.framework/Versions/A/AudioToolbox
0x0000000044c6c000 	/System/Library/Frameworks/AudioUnit.framework/Versions/A/AudioUnit
0x0000000044c6c000 	/System/Library/PrivateFrameworks/DataDetectorsCore.framework/Versions/A/DataDetectorsCore
0x0000000044c6c000 	/System/Library/PrivateFrameworks/DesktopServicesPriv.framework/Versions/A/DesktopServicesPriv
0x0000000044c6c000 	/System/Library/Frameworks/Carbon.framework/Versions/A/Frameworks/HIToolbox.framework/Versions/A/HIToolbox
0x0000000044c6c000 	/usr/lib/libicucore.A.dylib
0x0000000044c6c000 	/System/Library/Frameworks/QuartzCore.framework/Versions/A/QuartzCore
0x0000000044c6c000 	/System/Library/Frameworks/Carbon.framework/Versions/A/Frameworks/SpeechRecognition.framework/Versions/A/SpeechRecognition
0x0000000044c6c000 	/usr/lib/libauto.dylib
0x0000000044c6c000 	/usr/lib/libxml2.2.dylib
0x0000000044c6c000 	/System/Library/PrivateFrameworks/CoreUI.framework/Versions/A/CoreUI
0x0000000044c6c000 	/System/Library/Frameworks/CoreAudio.framework/Versions/A/CoreAudio
0x0000000044c6c000 	/System/Library/Frameworks/DiskArbitration.framework/Versions/A/DiskArbitration
0x0000000044c6c000 	/usr/lib/liblangid.dylib
0x0000000044c6c000 	/System/Library/PrivateFrameworks/MultitouchSupport.framework/Versions/A/MultitouchSupport
0x0000000044c6c000 	/System/Library/Frameworks/IOKit.framework/Versions/A/IOKit
0x0000000044c6c000 	/usr/lib/libDiagnosticMessagesClient.dylib
0x0000000044c6c000 	/System/Library/Frameworks/CoreServices.framework/Versions/A/CoreServices
0x0000000044c6c000 	/System/Library/PrivateFrameworks/PerformanceAnalysis.framework/Versions/A/PerformanceAnalysis
0x0000000044c6c000 	/System/Library/PrivateFrameworks/GenerationalStorage.framework/Versions/A/GenerationalStorage
0x0000000044c6c000 	/System/Library/Frameworks/OpenGL.framework/Versions/A/OpenGL
0x0000000044c6c000 	/System/Library/Frameworks/CoreImage.framework/Versions/A/CoreImage
0x0000000044c6c000 	/System/Library/Frameworks/CoreText.framework/Versions/A/CoreText
0x0000000044c6c000 	/System/Library/Frameworks/ImageIO.framework/Versions/A/ImageIO
0x0000000044c6c000 	/System/Library/PrivateFrameworks/Backup.framework/Versions/A/Backup
0x0000000044c6c000 	/usr/lib/libarchive.2.dylib
0x0000000044c6c000 	/System/Library/Frameworks/CFNetwork.framework/Versions/A/CFNetwork
0x0000000044c6c000 	/System/Library/Frameworks/SystemConfiguration.framework/Versions/A/SystemConfiguration
0x0000000044c6c000 	/usr/lib/libCRFSuite.dylib
0x0000000044c6c000 	/usr/lib/libc++.1.dylib
0x0000000044c6c000 	/usr/lib/libc++abi.dylib
0x0000000044c6c000 	/usr/lib/system/libcache.dylib
0x0000000044c6c000 	/usr/lib/system/libcommonCrypto.dylib
0x0000000044c6c000 	/usr/lib/system/libcompiler_rt.dylib
0x0000000044c6c000 	/usr/lib/system/libcopyfile.dylib
0x0000000044c6c000 	/usr/lib/system/libcorecrypto.dylib
0x0000000044c6c000 	/usr/lib/system/libdispatch.dylib
0x0000000044c6c000 	/usr/lib/system/libdyld.dylib
0x0000000044c6c000 	/usr/lib/system/libkeymgr.dylib
0x0000000044c6c000 	/usr/lib/system/liblaunch.dylib
0x0000000044c6c000 	/usr/lib/system/libmacho.dylib
0x0000000044c6c000 	/usr/lib/system/libquarantine.dylib
0x0000000044c6c000 	/usr/lib/system/libremovefile.dylib
0x0000000044c6c000 	/usr/lib/system/libsystem_asl.dylib
0x0000000044c6c000 	/usr/lib/system/libsystem_blocks.dylib
0x0000000044c6c000 	/usr/lib/system/libsystem_c.dylib
0x0000000044c6c000 	/usr/lib/system/libsystem_configuration.dylib
0x0000000044c6c000 	/usr/lib/system/libsystem_coreservices.dylib
0x0000000044c6c000 	/usr/lib/system/libsystem_coretls.dylib
0x0000000044c6c000 	/usr/lib/system/libsystem_dnssd.dylib
0x0000000044c6c000 	/usr/lib/system/libsystem_info.dylib
0x0000000044c6c000 	/usr/lib/system/libsystem_kernel.dylib
0x0000000044c6c000 	/usr/lib/system/libsystem_m.dylib
0x0000000044c6c000 	/usr/lib/system/libsystem_malloc.dylib
0x0000000044c6c000 	/usr/lib/system/libsystem_network.dylib
0x0000000044c6c000 	/usr/lib/system/libsystem_networkextension.dylib
0x0000000044c6c000 	/usr/lib/system/libsystem_notify.dylib
0x0000000044c6c000 	/usr/lib/system/libsystem_platform.dylib
0x0000000044c6c000 	/usr/lib/system/libsystem_pthread.dylib
0x0000000044c6c000 	/usr/lib/system/libsystem_sandbox.dylib
0x0000000044c6c000 	/usr/lib/system/libsystem_secinit.dylib
0x0000000044c6c000 	/usr/lib/system/libsystem_symptoms.dylib
0x0000000044c6c000 	/usr/lib/system/libsystem_trace.dylib
0x0000000044c6c000 	/usr/lib/system/libunwind.dylib
0x0000000044c6c000 	/usr/lib/system/libxpc.dylib
0x0000000044c6c000 	/usr/lib/libbsm.0.dylib
0x0000000044c6c000 	/usr/lib/system/libkxld.dylib
0x0000000044c6c000 	/usr/lib/libcoretls.dylib
0x0000000044c6c000 	/usr/lib/libcoretls_cfhelpers.dylib
0x0000000044c6c000 	/usr/lib/libOpenScriptingUtil.dylib
0x0000000044c6c000 	/usr/lib/libpam.2.dylib
0x0000000044c6c000 	/usr/lib/libsqlite3.dylib
0x0000000044c6c000 	/usr/lib/libxar.1.dylib
0x0000000044c6c000 	/usr/lib/libbz2.1.0.dylib
0x0000000044c6c000 	/usr/lib/liblzma.5.dylib
0x0000000044c6c000 	/usr/lib/libnetwork.dylib
0x0000000044c6c000 	/usr/lib/libpcap.A.dylib
0x0000000044c6c000 	/System/Library/Frameworks/CoreServices.framework/Versions/A/Frameworks/FSEvents.framework/Versions/A/FSEvents
0x0000000044c6c000 	/System/Library/Frameworks/CoreServices.framework/Versions/A/Frameworks/CarbonCore.framework/Versions/A/CarbonCore
0x0000000044c6c000 	/System/Library/Frameworks/CoreServices.framework/Versions/A/Frameworks/Metadata.framework/Versions/A/Metadata
0x0000000044c6c000 	/System/Library/Frameworks/CoreServices.framework/Versions/A/Frameworks/OSServices.framework/Versions/A/OSServices
0x0000000044c6c000 	/System/Library/Frameworks/CoreServices.framework/Versions/A/Frameworks/SearchKit.framework/Versions/A/SearchKit
0x0000000044c6c000 	/System/Library/Frameworks/CoreServices.framework/Versions/A/Frameworks/AE.framework/Versions/A/AE
0x0000000044c6c000 	/System/Library/Frameworks/CoreServices.framework/Versions/A/Frameworks/LaunchServices.framework/Versions/A/LaunchServices
0x0000000044c6c000 	/System/Library/Frameworks/CoreServices.framework/Versions/A/Frameworks/DictionaryServices.framework/Versions/A/DictionaryServices
0x0000000044c6c000 	/System/Library/Frameworks/CoreServices.framework/Versions/A/Frameworks/SharedFileList.framework/Versions/A/SharedFileList
0x0000000044c6c000 	/System/Library/Frameworks/NetFS.framework/Versions/A/NetFS
0x0000000044c6c000 	/System/Library/PrivateFrameworks/NetAuth.framework/Versions/A/NetAuth
0x0000000044c6c000 	/System/Library/PrivateFrameworks/login.framework/Versions/A/Frameworks/loginsupport.framework/Versions/A/loginsupport
0x0000000044c6c000 	/System/Library/PrivateFrameworks/TCC.framework/Versions/A/TCC
0x0000000044c6c000 	/usr/lib/libmecabra.dylib
0x0000000044c6c000 	/System/Library/Frameworks/ApplicationServices.framework/Versions/A/Frameworks/ATS.framework/Versions/A/ATS
0x0000000044c6c000 	/System/Library/Frameworks/ApplicationServices.framework/Versions/A/Frameworks/ColorSync.framework/Versions/A/ColorSync
0x0000000044c6c000 	/System/Library/Frameworks/ApplicationServices.framework/Versions/A/Frameworks/HIServices.framework/Versions/A/HIServices
0x0000000044c6c000 	/System/Library/Frameworks/ApplicationServices.framework/Versions/A/Frameworks/LangAnalysis.framework/Versions/A/LangAnalysis
0x0000000044c6c000 	/System/Library/Frameworks/ApplicationServices.framework/Versions/A/Frameworks/PrintCore.framework/Versions/A/PrintCore
0x0000000044c6c000 	/System/Library/Frameworks/ApplicationServices.framework/Versions/A/Frameworks/QD.framework/Versions/A/QD
0x0000000044c6c000 	/System/Library/Frameworks/ApplicationServices.framework/Versions/A/Frameworks/SpeechSynthesis.framework/Versions/A/SpeechSynthesis
0x0000000044c6c000 	/System/Library/Frameworks/Accelerate.framework/Versions/A/Frameworks/vImage.framework/Versions/A/vImage
0x0000000044c6c000 	/System/Library/Frameworks/Accelerate.framework/Versions/A/Frameworks/vecLib.framework/Versions/A/vecLib
0x0000000044c6c000 	/System/Library/Frameworks/Accelerate.framework/Versions/A/Frameworks/vecLib.framework/Versions/A/libvDSP.dylib
0x0000000044c6c000 	/System/Library/Frameworks/Accelerate.framework/Versions/A/Frameworks/vecLib.framework/Versions/A/libBNNS.dylib
0x0000000044c6c000 	/System/Library/Frameworks/Accelerate.framework/Versions/A/Frameworks/vecLib.framework/Versions/A/libQuadrature.dylib
0x0000000044c6c000 	/System/Library/Frameworks/Accelerate.framework/Versions/A/Frameworks/vecLib.framework/Versions/A/libvMisc.dylib
0x0000000044c6c000 	/System/Library/Frameworks/Accelerate.framework/Versions/A/Frameworks/vecLib.framework/Versions/A/libLAPACK.dylib
0x0000000044c6c000 	/System/Library/Frameworks/Accelerate.framework/Versions/A/Frameworks/vecLib.framework/Versions/A/libBLAS.dylib
0x0000000044c6c000 	/System/Library/Frameworks/Accelerate.framework/Versions/A/Frameworks/vecLib.framework/Versions/A/libLinearAlgebra.dylib
0x0000000044c6c000 	/System/Library/Frameworks/Accelerate.framework/Versions/A/Frameworks/vecLib.framework/Versions/A/libSparseBLAS.dylib
0x0000000044c6c000 	/System/Library/Frameworks/ApplicationServices.framework/Versions/A/Frameworks/ATS.framework/Versions/A/Resources/libFontParser.dylib
0x0000000044c6c000 	/System/Library/Frameworks/ApplicationServices.framework/Versions/A/Frameworks/ATS.framework/Versions/A/Resources/libFontRegistry.dylib
0x0000000044c6c000 	/System/Library/Frameworks/ImageIO.framework/Versions/A/Resources/libJPEG.dylib
0x0000000044c6c000 	/System/Library/Frameworks/ImageIO.framework/Versions/A/Resources/libTIFF.dylib
0x0000000044c6c000 	/System/Library/Frameworks/ImageIO.framework/Versions/A/Resources/libPng.dylib
0x0000000044c6c000 	/System/Library/Frameworks/ImageIO.framework/Versions/A/Resources/libGIF.dylib
0x0000000044c6c000 	/System/Library/Frameworks/ImageIO.framework/Versions/A/Resources/libJP2.dylib
0x0000000044c6c000 	/System/Library/Frameworks/ImageIO.framework/Versions/A/Resources/libRadiance.dylib
0x0000000044c6c000 	/usr/lib/libcompression.dylib
0x0000000044c6c000 	/System/Library/PrivateFrameworks/AppleJPEG.framework/Versions/A/AppleJPEG
0x0000000044c6c000 	/usr/lib/libcups.2.dylib
0x0000000044c6c000 	/System/Library/Frameworks/Kerberos.framework/Versions/A/Kerberos
0x0000000044c6c000 	/System/Library/Frameworks/GSS.framework/Versions/A/GSS
0x0000000044c6c000 	/usr/lib/libresolv.9.dylib
0x0000000044c6c000 	/usr/lib/libiconv.2.dylib
0x0000000044c6c000 	/System/Library/PrivateFrameworks/Heimdal.framework/Versions/A/Heimdal
0x0000000044c6c000 	/usr/lib/libheimdal-asn1.dylib
0x0000000044c6c000 	/System/Library/Frameworks/OpenDirectory.framework/Versions/A/OpenDirectory
0x0000000044c6c000 	/System/Library/PrivateFrameworks/CommonAuth.framework/Versions/A/CommonAuth
0x0000000044c6c000 	/System/Library/Frameworks/OpenDirectory.framework/Versions/A/Frameworks/CFOpenDirectory.framework/Versions/A/CFOpenDirectory
0x0000000044c6c000 	/System/Library/Frameworks/SecurityFoundation.framework/Versions/A/SecurityFoundation
0x0000000044c6c000 	/System/Library/PrivateFrameworks/LanguageModeling.framework/Versions/A/LanguageModeling
0x0000000044c6c000 	/usr/lib/libmarisa.dylib
0x0000000044c6c000 	/usr/lib/libChineseTokenizer.dylib
0x0000000044c6c000 	/usr/lib/libcmph.dylib
0x0000000044c6c000 	/System/Library/PrivateFrameworks/CoreEmoji.framework/Versions/A/CoreEmoji
0x0000000044c6c000 	/System/Library/Frameworks/ServiceManagement.framework/Versions/A/ServiceManagement
0x0000000044c6c000 	/usr/lib/libxslt.1.dylib
0x0000000044c6c000 	/System/Library/Frameworks/Carbon.framework/Versions/A/Frameworks/Ink.framework/Versions/A/Ink
0x0000000044c6c000 	/System/Library/PrivateFrameworks/TextureIO.framework/Versions/A/TextureIO
0x0000000044c6c000 	/System/Library/Frameworks/Metal.framework/Versions/A/Metal
0x0000000044c6c000 	/usr/lib/libate.dylib
0x0000000044c6c000 	/System/Library/PrivateFrameworks/GPUCompiler.framework/libmetal_timestamp.dylib
0x0000000044c6c000 	/System/Library/Frameworks/OpenGL.framework/Versions/A/Libraries/libCoreFSCache.dylib
0x0000000044c6c000 	/System/Library/PrivateFrameworks/IOAccelerator.framework/Versions/A/IOAccelerator
0x0000000044c6c000 	/System/Library/Frameworks/CoreVideo.framework/Versions/A/CoreVideo
0x0000000044c6c000 	/usr/lib/libFosl_dynamic.dylib
0x0000000044c6c000 	/System/Library/PrivateFrameworks/MetalPerformanceShaders.framework/Versions/A/MetalPerformanceShaders
0x0000000044c6c000 	/System/Library/PrivateFrameworks/FaceCore.framework/Versions/A/FaceCore
0x0000000044c6c000 	/System/Library/Frameworks/OpenCL.framework/Versions/A/OpenCL
0x0000000044c6c000 	/System/Library/Frameworks/OpenGL.framework/Versions/A/Libraries/libGLU.dylib
0x0000000044c6c000 	/System/Library/Frameworks/OpenGL.framework/Versions/A/Libraries/libGFXShared.dylib
0x0000000044c6c000 	/System/Library/Frameworks/OpenGL.framework/Versions/A/Libraries/libGL.dylib
0x0000000044c6c000 	/System/Library/Frameworks/OpenGL.framework/Versions/A/Libraries/libGLImage.dylib
0x0000000044c6c000 	/System/Library/Frameworks/OpenGL.framework/Versions/A/Libraries/libCVMSPluginSupport.dylib
0x0000000044c6c000 	/System/Library/Frameworks/OpenGL.framework/Versions/A/Libraries/libCoreVMClient.dylib
0x0000000044c6c000 	/System/Library/PrivateFrameworks/CrashReporterSupport.framework/Versions/A/CrashReporterSupport
0x0000000044c6c000 	/System/Library/PrivateFrameworks/Sharing.framework/Versions/A/Sharing
0x0000000044c6c000 	/System/Library/PrivateFrameworks/IconServices.framework/Versions/A/IconServices
0x0000000044c6c000 	/System/Library/PrivateFrameworks/ProtocolBuffer.framework/Versions/A/ProtocolBuffer
0x0000000044c6c000 	/System/Library/PrivateFrameworks/Apple80211.framework/Versions/A/Apple80211
0x0000000044c6c000 	/System/Library/Frameworks/CoreWLAN.framework/Versions/A/CoreWLAN
0x0000000044c6c000 	/System/Library/PrivateFrameworks/CoreUtils.framework/Versions/A/CoreUtils
0x0000000044c6c000 	/System/Library/Frameworks/IOBluetooth.framework/Versions/A/IOBluetooth
0x0000000044c6c000 	/System/Library/PrivateFrameworks/CoreWiFi.framework/Versions/A/CoreWiFi
0x0000000044c6c000 	/System/Library/Frameworks/CoreBluetooth.framework/Versions/A/CoreBluetooth
0x0000000044c6c000 	/System/Library/Frameworks/CoreDisplay.framework/Versions/A/CoreDisplay
0x0000000044c6c000 	/System/Library/PrivateFrameworks/IOPresentment.framework/Versions/A/IOPresentment
0x0000000044c6c000 	/System/Library/PrivateFrameworks/DSExternalDisplay.framework/Versions/A/DSExternalDisplay
0x0000000044c6c000 	/System/Library/PrivateFrameworks/DebugSymbols.framework/Versions/A/DebugSymbols
0x0000000044c6c000 	/System/Library/PrivateFrameworks/CoreSymbolication.framework/Versions/A/CoreSymbolication
0x0000000044c6c000 	/System/Library/PrivateFrameworks/Symbolication.framework/Versions/A/Symbolication
0x0000000044c6c000 	/System/Library/PrivateFrameworks/AppleFSCompression.framework/Versions/A/AppleFSCompression
0x0000000044c6c000 	/System/Library/PrivateFrameworks/SpeechRecognitionCore.framework/Versions/A/SpeechRecognitionCore
0x0000000044c6c000 	/System/Library/PrivateFrameworks/ChunkingLibrary.framework/Versions/A/ChunkingLibrary
0x0000000103000000 	/Library/Internet Plug-Ins/JavaAppletPlugin.plugin/Contents/Home/lib/server/libjvm.dylib
0x0000000044c6c000 	/usr/lib/libstdc++.6.dylib
0x0000000102710000 	/Library/Internet Plug-Ins/JavaAppletPlugin.plugin/Contents/Home/lib/libverify.dylib
0x000000010271e000 	/Library/Internet Plug-Ins/JavaAppletPlugin.plugin/Contents/Home/lib/libjava.dylib
0x000000010275d000 	/Library/Internet Plug-Ins/JavaAppletPlugin.plugin/Contents/Home/lib/libzip.dylib
0x000000010a160000 	/System/Library/Frameworks/JavaVM.framework/Frameworks/JavaRuntimeSupport.framework/JavaRuntimeSupport
0x00000001027e9000 	/System/Library/Frameworks/JavaVM.framework/Versions/A/Frameworks/JavaNativeFoundation.framework/Versions/A/JavaNativeFoundation
0x000000010a17a000 	/System/Library/Frameworks/JavaVM.framework/Versions/A/JavaVM
0x0000000044c6c000 	/System/Library/Frameworks/Carbon.framework/Versions/A/Carbon
0x0000000119912000 	/System/Library/PrivateFrameworks/JavaLaunching.framework/Versions/A/JavaLaunching
0x0000000044c6c000 	/System/Library/Frameworks/Carbon.framework/Versions/A/Frameworks/CommonPanels.framework/Versions/A/CommonPanels
0x0000000044c6c000 	/System/Library/Frameworks/Carbon.framework/Versions/A/Frameworks/Help.framework/Versions/A/Help
0x0000000044c6c000 	/System/Library/Frameworks/Carbon.framework/Versions/A/Frameworks/ImageCapture.framework/Versions/A/ImageCapture
0x0000000044c6c000 	/System/Library/Frameworks/Carbon.framework/Versions/A/Frameworks/OpenScripting.framework/Versions/A/OpenScripting
0x0000000044c6c000 	/System/Library/Frameworks/Carbon.framework/Versions/A/Frameworks/Print.framework/Versions/A/Print
0x0000000044c6c000 	/System/Library/Frameworks/Carbon.framework/Versions/A/Frameworks/SecurityHI.framework/Versions/A/SecurityHI
0x000000011b625000 	/Library/Internet Plug-Ins/JavaAppletPlugin.plugin/Contents/Home/lib/libmanagement.dylib
0x000000011b871000 	/Library/Internet Plug-Ins/JavaAppletPlugin.plugin/Contents/Home/lib/libnet.dylib
0x000000011bbb4000 	/Library/Internet Plug-Ins/JavaAppletPlugin.plugin/Contents/Home/lib/libnio.dylib
0x000000011bbea000 	/Library/Internet Plug-Ins/JavaAppletPlugin.plugin/Contents/Home/lib/libawt.dylib
0x000000011bc92000 	/Library/Internet Plug-Ins/JavaAppletPlugin.plugin/Contents/Home/lib/./libmlib_image.dylib
0x000000011bd5e000 	/Library/Internet Plug-Ins/JavaAppletPlugin.plugin/Contents/Home/lib/libawt_lwawt.dylib
0x000000011be15000 	/Library/Internet Plug-Ins/JavaAppletPlugin.plugin/Contents/Home/lib/./libosxapp.dylib
0x0000000044c6c000 	/System/Library/Frameworks/ExceptionHandling.framework/Versions/A/ExceptionHandling
0x0000000044c6c000 	/System/Library/PrivateFrameworks/CoreServicesInternal.framework/Versions/A/CoreServicesInternal
0x0000000044c6c000 	/System/Library/CoreServices/RawCamera.bundle/Contents/MacOS/RawCamera
0x0000000044c6c000 	/System/Library/Frameworks/Accelerate.framework/Versions/A/Frameworks/vImage.framework/Versions/A/Libraries/libCGInterfaces.dylib
0x0000000044c6c000 	/System/Library/Frameworks/ApplicationServices.framework/Versions/A/Frameworks/ATS.framework/Versions/A/Resources/libTrueTypeScaler.dylib
0x000000011dc81000 	/System/Library/Frameworks/OpenGL.framework/Resources/GLEngine.bundle/GLEngine
0x0000000044c6c000 	/System/Library/Frameworks/OpenGL.framework/Versions/A/Libraries/libGLProgrammability.dylib
0x000000011de66000 	/System/Library/Extensions/AppleIntelBDWGraphicsGLDriver.bundle/Contents/MacOS/AppleIntelBDWGraphicsGLDriver
0x0000000044c6c000 	/System/Library/PrivateFrameworks/GPUSupport.framework/Versions/A/Libraries/libGPUSupportMercury.dylib
0x000000011cb3a000 	/System/Library/Frameworks/OpenGL.framework/Resources//GLRendererFloat.bundle/GLRendererFloat
0x0000000044c6c000 	/System/Library/Frameworks/OpenCL.framework/Versions/A/Libraries/libcldcpuengine.dylib
0x0000000044c6c000 	/usr/lib/libcrypto.0.9.8.dylib
0x0000000044c6c000 	/System/Library/PrivateFrameworks/TrustEvaluationAgent.framework/Versions/A/TrustEvaluationAgent
0x000000011e5d0000 	/System/Library/Extensions/AppleIntelBDWGraphicsMTLDriver.bundle/Contents/MacOS/AppleIntelBDWGraphicsMTLDriver
0x0000000044c6c000 	/System/Library/PrivateFrameworks/FamilyControls.framework/Versions/A/FamilyControls
0x0000000044c6c000 	/System/Library/PrivateFrameworks/CommerceKit.framework/Versions/A/Frameworks/CommerceCore.framework/Versions/A/CommerceCore
0x0000000044c6c000 	/System/Library/PrivateFrameworks/SystemAdministration.framework/Versions/A/SystemAdministration
0x0000000044c6c000 	/System/Library/PrivateFrameworks/AppContainer.framework/Versions/A/AppContainer
0x0000000044c6c000 	/System/Library/PrivateFrameworks/SecCodeWrapper.framework/Versions/A/SecCodeWrapper
0x0000000044c6c000 	/System/Library/Frameworks/DirectoryService.framework/Versions/A/DirectoryService
0x0000000044c6c000 	/System/Library/PrivateFrameworks/DiskImages.framework/Versions/A/DiskImages
0x0000000044c6c000 	/System/Library/PrivateFrameworks/LoginUIKit.framework/Versions/A/Frameworks/LoginUICore.framework/Versions/A/LoginUICore
0x0000000044c6c000 	/usr/lib/libCoreStorage.dylib
0x0000000044c6c000 	/usr/lib/libcsfde.dylib
0x0000000044c6c000 	/usr/lib/libodfde.dylib
0x0000000044c6c000 	/System/Library/Frameworks/DiscRecording.framework/Versions/A/DiscRecording
0x0000000044c6c000 	/usr/lib/libcurl.4.dylib
0x0000000044c6c000 	/System/Library/PrivateFrameworks/MediaKit.framework/Versions/A/MediaKit
0x0000000044c6c000 	/System/Library/PrivateFrameworks/ProtectedCloudStorage.framework/Versions/A/ProtectedCloudStorage
0x0000000044c6c000 	/System/Library/PrivateFrameworks/EFILogin.framework/Versions/A/EFILogin
0x0000000044c6c000 	/usr/lib/libutil.dylib
0x0000000044c6c000 	/System/Library/Frameworks/LDAP.framework/Versions/A/LDAP
0x0000000044c6c000 	/usr/lib/libsasl2.2.dylib
0x0000000044c6c000 	/System/Library/PrivateFrameworks/CoreDaemon.framework/Versions/B/CoreDaemon
0x0000000044c6c000 	/System/Library/PrivateFrameworks/AppleSRP.framework/Versions/A/AppleSRP
0x0000000044c6c000 	/System/Library/PrivateFrameworks/APFS.framework/Versions/A/APFS
0x000000012075e000 	/Library/Internet Plug-Ins/JavaAppletPlugin.plugin/Contents/Home/lib/libfontmanager.dylib
0x00000001207c5000 	/Library/Internet Plug-Ins/JavaAppletPlugin.plugin/Contents/Home/lib/libosxui.dylib
0x0000000044c6c000 	/System/Library/PrivateFrameworks/ViewBridge.framework/Versions/A/ViewBridge
0x0000000044c6c000 	/System/Library/PrivateFrameworks/XPCService.framework/Versions/A/XPCService
0x0000000044c6c000 	/System/Library/PrivateFrameworks/AppSandbox.framework/Versions/A/AppSandbox
0x0000000044c6c000 	/usr/lib/libsandbox.1.dylib
0x0000000044c6c000 	/usr/lib/libMatch.1.dylib
0x000000014ecc0000 	/Library/Internet Plug-Ins/JavaAppletPlugin.plugin/Contents/Home/lib/libosx.dylib
0x0000000044c6c000 	/System/Library/PrivateFrameworks/CloudDocs.framework/Versions/A/CloudDocs
0x0000000044c6c000 	/System/Library/Frameworks/CloudKit.framework/Versions/A/CloudKit
0x0000000044c6c000 	/System/Library/PrivateFrameworks/MMCS.framework/Versions/A/MMCS
0x0000000044c6c000 	/System/Library/Frameworks/CoreLocation.framework/Versions/A/CoreLocation
0x0000000044c6c000 	/System/Library/PrivateFrameworks/AssetCacheServices.framework/Versions/A/AssetCacheServices
0x0000000044c6c000 	/System/Library/PrivateFrameworks/GeoServices.framework/Versions/A/GeoServices
0x000000011ec78000 	/Library/Internet Plug-Ins/JavaAppletPlugin.plugin/Contents/Home/lib/libdcpr.dylib

VM Arguments:
java_command: /Users/mgonco95/Documents/GitHub/Calidad-y-Pruebas-de-Software/REST/jmeter/bin/ApacheJMeter.jar
java_class_path (initial): /Users/mgonco95/Documents/GitHub/Calidad-y-Pruebas-de-Software/REST/jmeter/bin/ApacheJMeter.jar
Launcher Type: SUN_STANDARD

Environment Variables:
PATH=/usr/bin:/bin:/usr/sbin:/sbin
SHELL=/bin/bash

Signal Handlers:
SIGSEGV: [libjvm.dylib+0x5b26e5], sa_mask[0]=11111111011111110111111111111111, sa_flags=SA_ONSTACK|SA_RESTART|SA_SIGINFO
SIGBUS: [libjvm.dylib+0x5b26e5], sa_mask[0]=11111111011111110111111111111111, sa_flags=SA_RESTART|SA_SIGINFO
SIGFPE: [libjvm.dylib+0x489100], sa_mask[0]=11111111011111110111111111111111, sa_flags=SA_RESTART|SA_SIGINFO
SIGPIPE: [libjvm.dylib+0x489100], sa_mask[0]=11111111011111110111111111111111, sa_flags=SA_RESTART|SA_SIGINFO
SIGXFSZ: [libjvm.dylib+0x489100], sa_mask[0]=11111111011111110111111111111111, sa_flags=SA_RESTART|SA_SIGINFO
SIGILL: [libjvm.dylib+0x489100], sa_mask[0]=11111111011111110111111111111111, sa_flags=SA_RESTART|SA_SIGINFO
SIGUSR1: SIG_DFL, sa_mask[0]=00000000000000000000000000000000, sa_flags=none
SIGUSR2: [libjvm.dylib+0x488c1e], sa_mask[0]=00000000000000000000000000000000, sa_flags=SA_RESTART|SA_SIGINFO
SIGHUP: [libjvm.dylib+0x4871f5], sa_mask[0]=11111111011111110111111111111111, sa_flags=SA_RESTART|SA_SIGINFO
SIGINT: [libjvm.dylib+0x4871f5], sa_mask[0]=11111111011111110111111111111111, sa_flags=SA_RESTART|SA_SIGINFO
SIGTERM: [libjvm.dylib+0x4871f5], sa_mask[0]=11111111011111110111111111111111, sa_flags=SA_RESTART|SA_SIGINFO
SIGQUIT: [libjvm.dylib+0x4871f5], sa_mask[0]=11111111011111110111111111111111, sa_flags=SA_RESTART|SA_SIGINFO


---------------  S Y S T E M  ---------------

OS:Bsduname:Darwin 16.7.0 Darwin Kernel Version 16.7.0: Thu Jun 15 17:36:27 PDT 2017; root:xnu-3789.70.16~2/RELEASE_X86_64 x86_64
rlimit: STACK 8192k, CORE 0k, NPROC 709, NOFILE 10240, AS infinity
load average:1.15 1.43 1.53

CPU:total 4 (initial active 4) (2 cores per cpu, 2 threads per core) family 6 model 61 stepping 4, cmov, cx8, fxsr, mmx, sse, sse2, sse3, ssse3, sse4.1, sse4.2, popcnt, avx, avx2, aes, clmul, erms, 3dnowpref, lzcnt, ht, tsc, tscinvbit, bmi1, bmi2, adx

Memory: 4k page, physical 8388608k(1462036k free)

/proc/meminfo:


vm_info: Java HotSpot(TM) 64-Bit Server VM (25.144-b01) for bsd-amd64 JRE (1.8.0_144-b01), built on Jul 21 2017 22:07:42 by "java_re" with gcc 4.2.1 (Based on Apple Inc. build 5658) (LLVM build 2336.11.00)

time: Tue Sep 12 12:48:13 2017
elapsed time: 16573 seconds (0d 4h 36m 13s)

